23-Nov-2023 15:20:17.938 INFO [main] org.apache.catalina.startup.VersionLoggerListener.log Server version name:   Apache Tomcat/8.5.92
23-Nov-2023 15:20:17.942 INFO [main] org.apache.catalina.startup.VersionLoggerListener.log Server built:          Aug 9 2023 11:22:56 UTC
23-Nov-2023 15:20:17.942 INFO [main] org.apache.catalina.startup.VersionLoggerListener.log Server version number: 8.5.92.0
23-Nov-2023 15:20:17.942 INFO [main] org.apache.catalina.startup.VersionLoggerListener.log OS Name:               Windows 10
23-Nov-2023 15:20:17.943 INFO [main] org.apache.catalina.startup.VersionLoggerListener.log OS Version:            10.0
23-Nov-2023 15:20:17.943 INFO [main] org.apache.catalina.startup.VersionLoggerListener.log Architecture:          amd64
23-Nov-2023 15:20:17.943 INFO [main] org.apache.catalina.startup.VersionLoggerListener.log Java Home:             C:\Program Files\Java\jdk-19
23-Nov-2023 15:20:17.943 INFO [main] org.apache.catalina.startup.VersionLoggerListener.log JVM Version:           19.0.2+7-44
23-Nov-2023 15:20:17.943 INFO [main] org.apache.catalina.startup.VersionLoggerListener.log JVM Vendor:            Oracle Corporation
23-Nov-2023 15:20:17.943 INFO [main] org.apache.catalina.startup.VersionLoggerListener.log CATALINA_BASE:         D:\Projetos\NetBeans\crud\tomcat
23-Nov-2023 15:20:17.943 INFO [main] org.apache.catalina.startup.VersionLoggerListener.log CATALINA_HOME:         D:\Projetos\NetBeans\crud\tomcat
23-Nov-2023 15:20:17.944 INFO [main] org.apache.catalina.startup.VersionLoggerListener.log Command line argument: --add-opens=java.base/java.lang=ALL-UNNAMED
23-Nov-2023 15:20:17.945 INFO [main] org.apache.catalina.startup.VersionLoggerListener.log Command line argument: --add-opens=java.base/java.io=ALL-UNNAMED
23-Nov-2023 15:20:17.945 INFO [main] org.apache.catalina.startup.VersionLoggerListener.log Command line argument: --add-opens=java.base/java.util=ALL-UNNAMED
23-Nov-2023 15:20:17.945 INFO [main] org.apache.catalina.startup.VersionLoggerListener.log Command line argument: --add-opens=java.base/java.util.concurrent=ALL-UNNAMED
23-Nov-2023 15:20:17.945 INFO [main] org.apache.catalina.startup.VersionLoggerListener.log Command line argument: --add-opens=java.rmi/sun.rmi.transport=ALL-UNNAMED
23-Nov-2023 15:20:17.945 INFO [main] org.apache.catalina.startup.VersionLoggerListener.log Command line argument: -Djava.util.logging.config.file=D:\Projetos\NetBeans\crud\tomcat\conf\logging.properties
23-Nov-2023 15:20:17.945 INFO [main] org.apache.catalina.startup.VersionLoggerListener.log Command line argument: -Djava.util.logging.manager=org.apache.juli.ClassLoaderLogManager
23-Nov-2023 15:20:17.945 INFO [main] org.apache.catalina.startup.VersionLoggerListener.log Command line argument: -Djdk.tls.ephemeralDHKeySize=2048
23-Nov-2023 15:20:17.945 INFO [main] org.apache.catalina.startup.VersionLoggerListener.log Command line argument: -Djava.protocol.handler.pkgs=org.apache.catalina.webresources
23-Nov-2023 15:20:17.946 INFO [main] org.apache.catalina.startup.VersionLoggerListener.log Command line argument: -Dignore.endorsed.dirs=
23-Nov-2023 15:20:17.946 INFO [main] org.apache.catalina.startup.VersionLoggerListener.log Command line argument: -Dcatalina.base=D:\Projetos\NetBeans\crud\tomcat
23-Nov-2023 15:20:17.946 INFO [main] org.apache.catalina.startup.VersionLoggerListener.log Command line argument: -Dcatalina.home=D:\Projetos\NetBeans\crud\tomcat
23-Nov-2023 15:20:17.946 INFO [main] org.apache.catalina.startup.VersionLoggerListener.log Command line argument: -Djava.io.tmpdir=D:\Projetos\NetBeans\crud\tomcat\temp
23-Nov-2023 15:20:17.946 INFO [main] org.apache.catalina.core.AprLifecycleListener.lifecycleEvent Loaded Apache Tomcat Native library [1.2.38] using APR version [1.7.4].
23-Nov-2023 15:20:17.946 INFO [main] org.apache.catalina.core.AprLifecycleListener.lifecycleEvent APR capabilities: IPv6 [true], sendfile [true], accept filters [false], random [true], UDS [{4}].
23-Nov-2023 15:20:17.946 INFO [main] org.apache.catalina.core.AprLifecycleListener.lifecycleEvent APR/OpenSSL configuration: useAprConnector [false], useOpenSSL [true]
23-Nov-2023 15:20:18.029 INFO [main] org.apache.catalina.core.AprLifecycleListener.initializeSSL OpenSSL successfully initialized [OpenSSL 1.1.1v  1 Aug 2023]
23-Nov-2023 15:20:18.112 INFO [main] org.apache.coyote.AbstractProtocol.init Initializing ProtocolHandler ["http-nio-8080"]
23-Nov-2023 15:20:18.170 INFO [main] org.apache.catalina.startup.Catalina.load Initialization processed in 940 ms
23-Nov-2023 15:20:18.249 INFO [main] org.apache.catalina.core.StandardService.startInternal Starting service [Catalina]
23-Nov-2023 15:20:18.249 INFO [main] org.apache.catalina.core.StandardEngine.startInternal Starting Servlet engine: [Apache Tomcat/8.5.92]
23-Nov-2023 15:20:18.264 INFO [localhost-startStop-1] org.apache.catalina.startup.HostConfig.deployDescriptor Deploying deployment descriptor [D:\Projetos\NetBeans\crud\tomcat\conf\Catalina\localhost\PI.xml]
23-Nov-2023 15:20:19.631 INFO [localhost-startStop-1] org.apache.jasper.servlet.TldScanner.scanJars At least one JAR was scanned for TLDs yet contained no TLDs. Enable debug logging for this logger for a complete list of JARs that were scanned but no TLDs were found in them. Skipping unneeded JARs during scanning can improve startup time and JSP compilation time.
23-Nov-2023 15:20:19.750 INFO [localhost-startStop-1] org.apache.catalina.startup.HostConfig.deployDescriptor Deployment of deployment descriptor [D:\Projetos\NetBeans\crud\tomcat\conf\Catalina\localhost\PI.xml] has finished in [1,486] ms
23-Nov-2023 15:20:19.751 INFO [localhost-startStop-1] org.apache.catalina.startup.HostConfig.deployDescriptor Deploying deployment descriptor [D:\Projetos\NetBeans\crud\tomcat\conf\Catalina\localhost\site.xml]
23-Nov-2023 15:20:20.501 INFO [localhost-startStop-1] org.apache.jasper.servlet.TldScanner.scanJars At least one JAR was scanned for TLDs yet contained no TLDs. Enable debug logging for this logger for a complete list of JARs that were scanned but no TLDs were found in them. Skipping unneeded JARs during scanning can improve startup time and JSP compilation time.
23-Nov-2023 15:20:20.505 INFO [localhost-startStop-1] org.apache.catalina.startup.HostConfig.deployDescriptor Deployment of deployment descriptor [D:\Projetos\NetBeans\crud\tomcat\conf\Catalina\localhost\site.xml] has finished in [754] ms
23-Nov-2023 15:20:20.506 INFO [localhost-startStop-1] org.apache.catalina.startup.HostConfig.deployDirectory Deploying web application directory [D:\Projetos\NetBeans\crud\tomcat\webapps\docs]
23-Nov-2023 15:20:20.557 INFO [localhost-startStop-1] org.apache.catalina.startup.HostConfig.deployDirectory Deployment of web application directory [D:\Projetos\NetBeans\crud\tomcat\webapps\docs] has finished in [51] ms
23-Nov-2023 15:20:20.558 INFO [localhost-startStop-1] org.apache.catalina.startup.HostConfig.deployDirectory Deploying web application directory [D:\Projetos\NetBeans\crud\tomcat\webapps\examples]
23-Nov-2023 15:20:21.731 INFO [localhost-startStop-1] org.apache.catalina.startup.HostConfig.deployDirectory Deployment of web application directory [D:\Projetos\NetBeans\crud\tomcat\webapps\examples] has finished in [1,173] ms
23-Nov-2023 15:20:21.731 INFO [localhost-startStop-1] org.apache.catalina.startup.HostConfig.deployDirectory Deploying web application directory [D:\Projetos\NetBeans\crud\tomcat\webapps\host-manager]
23-Nov-2023 15:20:21.865 INFO [localhost-startStop-1] org.apache.catalina.startup.HostConfig.deployDirectory Deployment of web application directory [D:\Projetos\NetBeans\crud\tomcat\webapps\host-manager] has finished in [134] ms
23-Nov-2023 15:20:21.865 INFO [localhost-startStop-1] org.apache.catalina.startup.HostConfig.deployDirectory Deploying web application directory [D:\Projetos\NetBeans\crud\tomcat\webapps\manager]
23-Nov-2023 15:20:21.985 INFO [localhost-startStop-1] org.apache.catalina.startup.HostConfig.deployDirectory Deployment of web application directory [D:\Projetos\NetBeans\crud\tomcat\webapps\manager] has finished in [119] ms
23-Nov-2023 15:20:21.985 INFO [localhost-startStop-1] org.apache.catalina.startup.HostConfig.deployDirectory Deploying web application directory [D:\Projetos\NetBeans\crud\tomcat\webapps\ROOT]
23-Nov-2023 15:20:22.050 INFO [localhost-startStop-1] org.apache.catalina.startup.HostConfig.deployDirectory Deployment of web application directory [D:\Projetos\NetBeans\crud\tomcat\webapps\ROOT] has finished in [65] ms
23-Nov-2023 15:20:22.052 INFO [main] org.apache.coyote.AbstractProtocol.start Starting ProtocolHandler ["http-nio-8080"]
23-Nov-2023 15:20:22.165 INFO [main] org.apache.catalina.startup.Catalina.start Server startup in 3992 ms
23-Nov-2023 15:49:59.166 INFO [http-nio-8080-exec-1] org.apache.catalina.core.StandardContext.reload Reloading Context with name [/PI] has started
23-Nov-2023 15:50:00.586 INFO [http-nio-8080-exec-1] org.apache.jasper.servlet.TldScanner.scanJars At least one JAR was scanned for TLDs yet contained no TLDs. Enable debug logging for this logger for a complete list of JARs that were scanned but no TLDs were found in them. Skipping unneeded JARs during scanning can improve startup time and JSP compilation time.
23-Nov-2023 15:50:00.643 INFO [http-nio-8080-exec-1] org.apache.catalina.core.StandardContext.reload Reloading Context with name [/PI] is completed
23-Nov-2023 15:50:00.999 INFO [http-nio-8080-exec-11] org.apache.catalina.core.StandardContext.reload Reloading Context with name [/PI] has started
23-Nov-2023 15:50:01.882 INFO [http-nio-8080-exec-11] org.apache.jasper.servlet.TldScanner.scanJars At least one JAR was scanned for TLDs yet contained no TLDs. Enable debug logging for this logger for a complete list of JARs that were scanned but no TLDs were found in them. Skipping unneeded JARs during scanning can improve startup time and JSP compilation time.
23-Nov-2023 15:50:01.888 INFO [http-nio-8080-exec-11] org.apache.catalina.core.StandardContext.reload Reloading Context with name [/PI] is completed
23-Nov-2023 15:51:49.788 INFO [http-nio-8080-exec-8] org.apache.catalina.core.StandardContext.reload Reloading Context with name [/PI] has started
23-Nov-2023 15:51:50.811 INFO [http-nio-8080-exec-8] org.apache.jasper.servlet.TldScanner.scanJars At least one JAR was scanned for TLDs yet contained no TLDs. Enable debug logging for this logger for a complete list of JARs that were scanned but no TLDs were found in them. Skipping unneeded JARs during scanning can improve startup time and JSP compilation time.
23-Nov-2023 15:51:50.817 INFO [http-nio-8080-exec-8] org.apache.catalina.core.StandardContext.reload Reloading Context with name [/PI] is completed
23-Nov-2023 16:54:57.058 INFO [http-nio-8080-exec-19] org.apache.catalina.core.StandardContext.reload Reloading Context with name [/PI] has started
23-Nov-2023 16:54:57.061 WARNING [http-nio-8080-exec-19] org.apache.catalina.loader.WebappClassLoaderBase.clearReferencesJdbc The web application [PI] registered the JDBC driver [com.mysql.cj.jdbc.Driver] but failed to unregister it when the web application was stopped. To prevent a memory leak, the JDBC Driver has been forcibly unregistered.
23-Nov-2023 16:54:57.062 WARNING [http-nio-8080-exec-19] org.apache.catalina.loader.WebappClassLoaderBase.clearReferencesThreads The web application [PI] appears to have started a thread named [mysql-cj-abandoned-connection-cleanup] but has failed to stop it. This is very likely to create a memory leak. Stack trace of thread:
 java.base/jdk.internal.misc.Unsafe.park(Native Method)
 java.base/java.util.concurrent.locks.LockSupport.parkNanos(LockSupport.java:269)
 java.base/java.util.concurrent.locks.AbstractQueuedSynchronizer$ConditionObject.await(AbstractQueuedSynchronizer.java:1759)
 java.base/java.lang.ref.ReferenceQueue.await(ReferenceQueue.java:71)
 java.base/java.lang.ref.ReferenceQueue.remove0(ReferenceQueue.java:143)
 java.base/java.lang.ref.ReferenceQueue.remove(ReferenceQueue.java:218)
 com.mysql.cj.jdbc.AbandonedConnectionCleanupThread.run(AbandonedConnectionCleanupThread.java:91)
 java.base/java.util.concurrent.ThreadPoolExecutor.runWorker(ThreadPoolExecutor.java:1144)
 java.base/java.util.concurrent.ThreadPoolExecutor$Worker.run(ThreadPoolExecutor.java:642)
 java.base/java.lang.Thread.run(Thread.java:1589)
23-Nov-2023 16:54:57.757 INFO [http-nio-8080-exec-19] org.apache.jasper.servlet.TldScanner.scanJars At least one JAR was scanned for TLDs yet contained no TLDs. Enable debug logging for this logger for a complete list of JARs that were scanned but no TLDs were found in them. Skipping unneeded JARs during scanning can improve startup time and JSP compilation time.
23-Nov-2023 16:54:57.766 INFO [http-nio-8080-exec-19] org.apache.catalina.core.StandardContext.reload Reloading Context with name [/PI] is completed
23-Nov-2023 16:54:57.949 INFO [mysql-cj-abandoned-connection-cleanup] org.apache.catalina.loader.WebappClassLoaderBase.checkStateForResourceLoading Illegal access: this web application instance has been stopped already. Could not load []. The following stack trace is thrown for debugging purposes as well as to attempt to terminate the thread which caused the illegal access.
	java.lang.IllegalStateException: Illegal access: this web application instance has been stopped already. Could not load []. The following stack trace is thrown for debugging purposes as well as to attempt to terminate the thread which caused the illegal access.
		at org.apache.catalina.loader.WebappClassLoaderBase.checkStateForResourceLoading(WebappClassLoaderBase.java:1440)
		at org.apache.catalina.loader.WebappClassLoaderBase.getResource(WebappClassLoaderBase.java:1065)
		at com.mysql.cj.jdbc.AbandonedConnectionCleanupThread.checkThreadContextClassLoader(AbandonedConnectionCleanupThread.java:123)
		at com.mysql.cj.jdbc.AbandonedConnectionCleanupThread.run(AbandonedConnectionCleanupThread.java:90)
		at java.base/java.util.concurrent.ThreadPoolExecutor.runWorker(ThreadPoolExecutor.java:1144)
		at java.base/java.util.concurrent.ThreadPoolExecutor$Worker.run(ThreadPoolExecutor.java:642)
		at java.base/java.lang.Thread.run(Thread.java:1589)
