26-Sep-2023 19:26:33.732 INFO [main] org.apache.catalina.startup.VersionLoggerListener.log Server version name:   Apache Tomcat/8.5.92
26-Sep-2023 19:26:33.743 INFO [main] org.apache.catalina.startup.VersionLoggerListener.log Server built:          Aug 9 2023 11:22:56 UTC
26-Sep-2023 19:26:33.743 INFO [main] org.apache.catalina.startup.VersionLoggerListener.log Server version number: 8.5.92.0
26-Sep-2023 19:26:33.744 INFO [main] org.apache.catalina.startup.VersionLoggerListener.log OS Name:               Windows 10
26-Sep-2023 19:26:33.744 INFO [main] org.apache.catalina.startup.VersionLoggerListener.log OS Version:            10.0
26-Sep-2023 19:26:33.744 INFO [main] org.apache.catalina.startup.VersionLoggerListener.log Architecture:          amd64
26-Sep-2023 19:26:33.744 INFO [main] org.apache.catalina.startup.VersionLoggerListener.log Java Home:             C:\Program Files\Java\jdk-19
26-Sep-2023 19:26:33.744 INFO [main] org.apache.catalina.startup.VersionLoggerListener.log JVM Version:           19.0.2+7-44
26-Sep-2023 19:26:33.744 INFO [main] org.apache.catalina.startup.VersionLoggerListener.log JVM Vendor:            Oracle Corporation
26-Sep-2023 19:26:33.745 INFO [main] org.apache.catalina.startup.VersionLoggerListener.log CATALINA_BASE:         C:\Users\win\Downloads\tomcat
26-Sep-2023 19:26:33.745 INFO [main] org.apache.catalina.startup.VersionLoggerListener.log CATALINA_HOME:         C:\Users\win\Downloads\tomcat
26-Sep-2023 19:26:33.760 INFO [main] org.apache.catalina.startup.VersionLoggerListener.log Command line argument: --add-opens=java.base/java.lang=ALL-UNNAMED
26-Sep-2023 19:26:33.761 INFO [main] org.apache.catalina.startup.VersionLoggerListener.log Command line argument: --add-opens=java.base/java.io=ALL-UNNAMED
26-Sep-2023 19:26:33.761 INFO [main] org.apache.catalina.startup.VersionLoggerListener.log Command line argument: --add-opens=java.base/java.util=ALL-UNNAMED
26-Sep-2023 19:26:33.761 INFO [main] org.apache.catalina.startup.VersionLoggerListener.log Command line argument: --add-opens=java.base/java.util.concurrent=ALL-UNNAMED
26-Sep-2023 19:26:33.761 INFO [main] org.apache.catalina.startup.VersionLoggerListener.log Command line argument: --add-opens=java.rmi/sun.rmi.transport=ALL-UNNAMED
26-Sep-2023 19:26:33.761 INFO [main] org.apache.catalina.startup.VersionLoggerListener.log Command line argument: -Djava.util.logging.config.file=C:\Users\win\Downloads\tomcat\conf\logging.properties
26-Sep-2023 19:26:33.761 INFO [main] org.apache.catalina.startup.VersionLoggerListener.log Command line argument: -Djava.util.logging.manager=org.apache.juli.ClassLoaderLogManager
26-Sep-2023 19:26:33.761 INFO [main] org.apache.catalina.startup.VersionLoggerListener.log Command line argument: -Djdk.tls.ephemeralDHKeySize=2048
26-Sep-2023 19:26:33.761 INFO [main] org.apache.catalina.startup.VersionLoggerListener.log Command line argument: -Djava.protocol.handler.pkgs=org.apache.catalina.webresources
26-Sep-2023 19:26:33.762 INFO [main] org.apache.catalina.startup.VersionLoggerListener.log Command line argument: -Dignore.endorsed.dirs=
26-Sep-2023 19:26:33.762 INFO [main] org.apache.catalina.startup.VersionLoggerListener.log Command line argument: -Dcatalina.base=C:\Users\win\Downloads\tomcat
26-Sep-2023 19:26:33.762 INFO [main] org.apache.catalina.startup.VersionLoggerListener.log Command line argument: -Dcatalina.home=C:\Users\win\Downloads\tomcat
26-Sep-2023 19:26:33.762 INFO [main] org.apache.catalina.startup.VersionLoggerListener.log Command line argument: -Djava.io.tmpdir=C:\Users\win\Downloads\tomcat\temp
26-Sep-2023 19:26:33.763 INFO [main] org.apache.catalina.core.AprLifecycleListener.lifecycleEvent Loaded Apache Tomcat Native library [1.2.38] using APR version [1.7.4].
26-Sep-2023 19:26:33.763 INFO [main] org.apache.catalina.core.AprLifecycleListener.lifecycleEvent APR capabilities: IPv6 [true], sendfile [true], accept filters [false], random [true], UDS [{4}].
26-Sep-2023 19:26:33.763 INFO [main] org.apache.catalina.core.AprLifecycleListener.lifecycleEvent APR/OpenSSL configuration: useAprConnector [false], useOpenSSL [true]
26-Sep-2023 19:26:33.885 INFO [main] org.apache.catalina.core.AprLifecycleListener.initializeSSL OpenSSL successfully initialized [OpenSSL 1.1.1v  1 Aug 2023]
26-Sep-2023 19:26:34.039 INFO [main] org.apache.coyote.AbstractProtocol.init Initializing ProtocolHandler ["http-nio-8080"]
26-Sep-2023 19:26:34.130 INFO [main] org.apache.catalina.startup.Catalina.load Initialization processed in 1956 ms
26-Sep-2023 19:26:34.350 INFO [main] org.apache.catalina.core.StandardService.startInternal Starting service [Catalina]
26-Sep-2023 19:26:34.350 INFO [main] org.apache.catalina.core.StandardEngine.startInternal Starting Servlet engine: [Apache Tomcat/8.5.92]
26-Sep-2023 19:26:34.393 INFO [localhost-startStop-1] org.apache.catalina.startup.HostConfig.deployDescriptor Deploying deployment descriptor [C:\Users\win\Downloads\tomcat\conf\Catalina\localhost\site.xml]
26-Sep-2023 19:26:37.478 INFO [localhost-startStop-1] org.apache.jasper.servlet.TldScanner.scanJars At least one JAR was scanned for TLDs yet contained no TLDs. Enable debug logging for this logger for a complete list of JARs that were scanned but no TLDs were found in them. Skipping unneeded JARs during scanning can improve startup time and JSP compilation time.
26-Sep-2023 19:26:37.697 INFO [localhost-startStop-1] org.apache.catalina.startup.HostConfig.deployDescriptor Deployment of deployment descriptor [C:\Users\win\Downloads\tomcat\conf\Catalina\localhost\site.xml] has finished in [3,304] ms
26-Sep-2023 19:26:37.708 INFO [localhost-startStop-1] org.apache.catalina.startup.HostConfig.deployDirectory Deploying web application directory [C:\Users\win\Downloads\tomcat\webapps\docs]
26-Sep-2023 19:26:37.920 INFO [localhost-startStop-1] org.apache.catalina.startup.HostConfig.deployDirectory Deployment of web application directory [C:\Users\win\Downloads\tomcat\webapps\docs] has finished in [213] ms
26-Sep-2023 19:26:37.921 INFO [localhost-startStop-1] org.apache.catalina.startup.HostConfig.deployDirectory Deploying web application directory [C:\Users\win\Downloads\tomcat\webapps\examples]
26-Sep-2023 19:26:41.241 INFO [localhost-startStop-1] org.apache.catalina.startup.HostConfig.deployDirectory Deployment of web application directory [C:\Users\win\Downloads\tomcat\webapps\examples] has finished in [3,320] ms
26-Sep-2023 19:26:41.242 INFO [localhost-startStop-1] org.apache.catalina.startup.HostConfig.deployDirectory Deploying web application directory [C:\Users\win\Downloads\tomcat\webapps\host-manager]
26-Sep-2023 19:26:41.515 INFO [localhost-startStop-1] org.apache.catalina.startup.HostConfig.deployDirectory Deployment of web application directory [C:\Users\win\Downloads\tomcat\webapps\host-manager] has finished in [272] ms
26-Sep-2023 19:26:41.515 INFO [localhost-startStop-1] org.apache.catalina.startup.HostConfig.deployDirectory Deploying web application directory [C:\Users\win\Downloads\tomcat\webapps\manager]
26-Sep-2023 19:26:41.794 INFO [localhost-startStop-1] org.apache.catalina.startup.HostConfig.deployDirectory Deployment of web application directory [C:\Users\win\Downloads\tomcat\webapps\manager] has finished in [278] ms
26-Sep-2023 19:26:41.794 INFO [localhost-startStop-1] org.apache.catalina.startup.HostConfig.deployDirectory Deploying web application directory [C:\Users\win\Downloads\tomcat\webapps\ROOT]
26-Sep-2023 19:26:41.962 INFO [localhost-startStop-1] org.apache.catalina.startup.HostConfig.deployDirectory Deployment of web application directory [C:\Users\win\Downloads\tomcat\webapps\ROOT] has finished in [167] ms
26-Sep-2023 19:26:41.970 INFO [main] org.apache.coyote.AbstractProtocol.start Starting ProtocolHandler ["http-nio-8080"]
26-Sep-2023 19:26:42.126 INFO [main] org.apache.catalina.startup.Catalina.start Server startup in 7987 ms
26-Sep-2023 19:26:46.889 INFO [http-nio-8080-exec-2] org.apache.catalina.core.StandardContext.reload Reloading Context with name [/site] has started
26-Sep-2023 19:26:48.850 INFO [http-nio-8080-exec-2] org.apache.jasper.servlet.TldScanner.scanJars At least one JAR was scanned for TLDs yet contained no TLDs. Enable debug logging for this logger for a complete list of JARs that were scanned but no TLDs were found in them. Skipping unneeded JARs during scanning can improve startup time and JSP compilation time.
26-Sep-2023 19:26:48.855 INFO [http-nio-8080-exec-2] org.apache.catalina.core.StandardContext.reload Reloading Context with name [/site] is completed
26-Sep-2023 19:28:15.143 INFO [main] org.apache.catalina.core.StandardServer.await A valid shutdown command was received via the shutdown port. Stopping the Server instance.
26-Sep-2023 19:28:15.144 INFO [main] org.apache.coyote.AbstractProtocol.pause Pausing ProtocolHandler ["http-nio-8080"]
26-Sep-2023 19:28:15.166 INFO [main] org.apache.catalina.core.StandardService.stopInternal Stopping service [Catalina]
26-Sep-2023 19:28:15.205 INFO [main] org.apache.coyote.AbstractProtocol.stop Stopping ProtocolHandler ["http-nio-8080"]
26-Sep-2023 19:28:15.221 INFO [main] org.apache.coyote.AbstractProtocol.destroy Destroying ProtocolHandler ["http-nio-8080"]
26-Sep-2023 19:28:20.890 INFO [main] org.apache.catalina.startup.VersionLoggerListener.log Server version name:   Apache Tomcat/8.5.92
26-Sep-2023 19:28:20.906 INFO [main] org.apache.catalina.startup.VersionLoggerListener.log Server built:          Aug 9 2023 11:22:56 UTC
26-Sep-2023 19:28:20.907 INFO [main] org.apache.catalina.startup.VersionLoggerListener.log Server version number: 8.5.92.0
26-Sep-2023 19:28:20.907 INFO [main] org.apache.catalina.startup.VersionLoggerListener.log OS Name:               Windows 10
26-Sep-2023 19:28:20.907 INFO [main] org.apache.catalina.startup.VersionLoggerListener.log OS Version:            10.0
26-Sep-2023 19:28:20.907 INFO [main] org.apache.catalina.startup.VersionLoggerListener.log Architecture:          amd64
26-Sep-2023 19:28:20.907 INFO [main] org.apache.catalina.startup.VersionLoggerListener.log Java Home:             C:\Program Files\Java\jdk-19
26-Sep-2023 19:28:20.908 INFO [main] org.apache.catalina.startup.VersionLoggerListener.log JVM Version:           19.0.2+7-44
26-Sep-2023 19:28:20.908 INFO [main] org.apache.catalina.startup.VersionLoggerListener.log JVM Vendor:            Oracle Corporation
26-Sep-2023 19:28:20.908 INFO [main] org.apache.catalina.startup.VersionLoggerListener.log CATALINA_BASE:         C:\Users\win\Downloads\tomcat
26-Sep-2023 19:28:20.909 INFO [main] org.apache.catalina.startup.VersionLoggerListener.log CATALINA_HOME:         C:\Users\win\Downloads\tomcat
26-Sep-2023 19:28:20.923 INFO [main] org.apache.catalina.startup.VersionLoggerListener.log Command line argument: --add-opens=java.base/java.lang=ALL-UNNAMED
26-Sep-2023 19:28:20.925 INFO [main] org.apache.catalina.startup.VersionLoggerListener.log Command line argument: --add-opens=java.base/java.io=ALL-UNNAMED
26-Sep-2023 19:28:20.925 INFO [main] org.apache.catalina.startup.VersionLoggerListener.log Command line argument: --add-opens=java.base/java.util=ALL-UNNAMED
26-Sep-2023 19:28:20.925 INFO [main] org.apache.catalina.startup.VersionLoggerListener.log Command line argument: --add-opens=java.base/java.util.concurrent=ALL-UNNAMED
26-Sep-2023 19:28:20.925 INFO [main] org.apache.catalina.startup.VersionLoggerListener.log Command line argument: --add-opens=java.rmi/sun.rmi.transport=ALL-UNNAMED
26-Sep-2023 19:28:20.925 INFO [main] org.apache.catalina.startup.VersionLoggerListener.log Command line argument: -Djava.util.logging.config.file=C:\Users\win\Downloads\tomcat\conf\logging.properties
26-Sep-2023 19:28:20.925 INFO [main] org.apache.catalina.startup.VersionLoggerListener.log Command line argument: -Djava.util.logging.manager=org.apache.juli.ClassLoaderLogManager
26-Sep-2023 19:28:20.926 INFO [main] org.apache.catalina.startup.VersionLoggerListener.log Command line argument: -Djdk.tls.ephemeralDHKeySize=2048
26-Sep-2023 19:28:20.926 INFO [main] org.apache.catalina.startup.VersionLoggerListener.log Command line argument: -Djava.protocol.handler.pkgs=org.apache.catalina.webresources
26-Sep-2023 19:28:20.926 INFO [main] org.apache.catalina.startup.VersionLoggerListener.log Command line argument: -Dignore.endorsed.dirs=
26-Sep-2023 19:28:20.926 INFO [main] org.apache.catalina.startup.VersionLoggerListener.log Command line argument: -Dcatalina.base=C:\Users\win\Downloads\tomcat
26-Sep-2023 19:28:20.926 INFO [main] org.apache.catalina.startup.VersionLoggerListener.log Command line argument: -Dcatalina.home=C:\Users\win\Downloads\tomcat
26-Sep-2023 19:28:20.926 INFO [main] org.apache.catalina.startup.VersionLoggerListener.log Command line argument: -Djava.io.tmpdir=C:\Users\win\Downloads\tomcat\temp
26-Sep-2023 19:28:20.926 INFO [main] org.apache.catalina.core.AprLifecycleListener.lifecycleEvent Loaded Apache Tomcat Native library [1.2.38] using APR version [1.7.4].
26-Sep-2023 19:28:20.928 INFO [main] org.apache.catalina.core.AprLifecycleListener.lifecycleEvent APR capabilities: IPv6 [true], sendfile [true], accept filters [false], random [true], UDS [{4}].
26-Sep-2023 19:28:20.933 INFO [main] org.apache.catalina.core.AprLifecycleListener.lifecycleEvent APR/OpenSSL configuration: useAprConnector [false], useOpenSSL [true]
26-Sep-2023 19:28:20.951 INFO [main] org.apache.catalina.core.AprLifecycleListener.initializeSSL OpenSSL successfully initialized [OpenSSL 1.1.1v  1 Aug 2023]
26-Sep-2023 19:28:21.105 INFO [main] org.apache.coyote.AbstractProtocol.init Initializing ProtocolHandler ["http-nio-8080"]
26-Sep-2023 19:28:21.208 INFO [main] org.apache.catalina.startup.Catalina.load Initialization processed in 1921 ms
26-Sep-2023 19:28:21.373 INFO [main] org.apache.catalina.core.StandardService.startInternal Starting service [Catalina]
26-Sep-2023 19:28:21.374 INFO [main] org.apache.catalina.core.StandardEngine.startInternal Starting Servlet engine: [Apache Tomcat/8.5.92]
26-Sep-2023 19:28:21.422 INFO [localhost-startStop-1] org.apache.catalina.startup.HostConfig.deployDescriptor Deploying deployment descriptor [C:\Users\win\Downloads\tomcat\conf\Catalina\localhost\site.xml]
26-Sep-2023 19:28:24.587 INFO [localhost-startStop-1] org.apache.jasper.servlet.TldScanner.scanJars At least one JAR was scanned for TLDs yet contained no TLDs. Enable debug logging for this logger for a complete list of JARs that were scanned but no TLDs were found in them. Skipping unneeded JARs during scanning can improve startup time and JSP compilation time.
26-Sep-2023 19:28:24.851 INFO [localhost-startStop-1] org.apache.catalina.startup.HostConfig.deployDescriptor Deployment of deployment descriptor [C:\Users\win\Downloads\tomcat\conf\Catalina\localhost\site.xml] has finished in [3,429] ms
26-Sep-2023 19:28:24.853 INFO [localhost-startStop-1] org.apache.catalina.startup.HostConfig.deployDirectory Deploying web application directory [C:\Users\win\Downloads\tomcat\webapps\docs]
26-Sep-2023 19:28:25.105 INFO [localhost-startStop-1] org.apache.catalina.startup.HostConfig.deployDirectory Deployment of web application directory [C:\Users\win\Downloads\tomcat\webapps\docs] has finished in [251] ms
26-Sep-2023 19:28:25.105 INFO [localhost-startStop-1] org.apache.catalina.startup.HostConfig.deployDirectory Deploying web application directory [C:\Users\win\Downloads\tomcat\webapps\examples]
26-Sep-2023 19:28:27.692 INFO [localhost-startStop-1] org.apache.catalina.startup.HostConfig.deployDirectory Deployment of web application directory [C:\Users\win\Downloads\tomcat\webapps\examples] has finished in [2,586] ms
26-Sep-2023 19:28:27.692 INFO [localhost-startStop-1] org.apache.catalina.startup.HostConfig.deployDirectory Deploying web application directory [C:\Users\win\Downloads\tomcat\webapps\host-manager]
26-Sep-2023 19:28:27.924 INFO [localhost-startStop-1] org.apache.catalina.startup.HostConfig.deployDirectory Deployment of web application directory [C:\Users\win\Downloads\tomcat\webapps\host-manager] has finished in [231] ms
26-Sep-2023 19:28:27.925 INFO [localhost-startStop-1] org.apache.catalina.startup.HostConfig.deployDirectory Deploying web application directory [C:\Users\win\Downloads\tomcat\webapps\manager]
26-Sep-2023 19:28:28.196 INFO [localhost-startStop-1] org.apache.catalina.startup.HostConfig.deployDirectory Deployment of web application directory [C:\Users\win\Downloads\tomcat\webapps\manager] has finished in [272] ms
26-Sep-2023 19:28:28.197 INFO [localhost-startStop-1] org.apache.catalina.startup.HostConfig.deployDirectory Deploying web application directory [C:\Users\win\Downloads\tomcat\webapps\ROOT]
26-Sep-2023 19:28:28.325 INFO [localhost-startStop-1] org.apache.catalina.startup.HostConfig.deployDirectory Deployment of web application directory [C:\Users\win\Downloads\tomcat\webapps\ROOT] has finished in [128] ms
26-Sep-2023 19:28:28.331 INFO [main] org.apache.coyote.AbstractProtocol.start Starting ProtocolHandler ["http-nio-8080"]
26-Sep-2023 19:28:28.431 INFO [main] org.apache.catalina.startup.Catalina.start Server startup in 7202 ms
26-Sep-2023 21:28:48.958 INFO [main] org.apache.catalina.core.StandardServer.await A valid shutdown command was received via the shutdown port. Stopping the Server instance.
26-Sep-2023 21:28:49.051 INFO [main] org.apache.coyote.AbstractProtocol.pause Pausing ProtocolHandler ["http-nio-8080"]
26-Sep-2023 21:28:49.231 INFO [main] org.apache.catalina.core.StandardService.stopInternal Stopping service [Catalina]
26-Sep-2023 21:28:49.771 INFO [main] org.apache.coyote.AbstractProtocol.stop Stopping ProtocolHandler ["http-nio-8080"]
26-Sep-2023 21:28:49.801 INFO [main] org.apache.coyote.AbstractProtocol.destroy Destroying ProtocolHandler ["http-nio-8080"]
