24-Nov-2023 18:27:30.122 INFO [main] org.apache.catalina.startup.VersionLoggerListener.log Server version name:   Apache Tomcat/8.5.92
24-Nov-2023 18:27:30.131 INFO [main] org.apache.catalina.startup.VersionLoggerListener.log Server built:          Aug 9 2023 11:22:56 UTC
24-Nov-2023 18:27:30.132 INFO [main] org.apache.catalina.startup.VersionLoggerListener.log Server version number: 8.5.92.0
24-Nov-2023 18:27:30.132 INFO [main] org.apache.catalina.startup.VersionLoggerListener.log OS Name:               Windows 10
24-Nov-2023 18:27:30.132 INFO [main] org.apache.catalina.startup.VersionLoggerListener.log OS Version:            10.0
24-Nov-2023 18:27:30.132 INFO [main] org.apache.catalina.startup.VersionLoggerListener.log Architecture:          amd64
24-Nov-2023 18:27:30.133 INFO [main] org.apache.catalina.startup.VersionLoggerListener.log Java Home:             C:\Program Files\Java\jdk-19
24-Nov-2023 18:27:30.133 INFO [main] org.apache.catalina.startup.VersionLoggerListener.log JVM Version:           19.0.2+7-44
24-Nov-2023 18:27:30.133 INFO [main] org.apache.catalina.startup.VersionLoggerListener.log JVM Vendor:            Oracle Corporation
24-Nov-2023 18:27:30.133 INFO [main] org.apache.catalina.startup.VersionLoggerListener.log CATALINA_BASE:         D:\Projetos\NetBeans\crud\tomcat
24-Nov-2023 18:27:30.133 INFO [main] org.apache.catalina.startup.VersionLoggerListener.log CATALINA_HOME:         D:\Projetos\NetBeans\crud\tomcat
24-Nov-2023 18:27:30.138 INFO [main] org.apache.catalina.startup.VersionLoggerListener.log Command line argument: --add-opens=java.base/java.lang=ALL-UNNAMED
24-Nov-2023 18:27:30.139 INFO [main] org.apache.catalina.startup.VersionLoggerListener.log Command line argument: --add-opens=java.base/java.io=ALL-UNNAMED
24-Nov-2023 18:27:30.139 INFO [main] org.apache.catalina.startup.VersionLoggerListener.log Command line argument: --add-opens=java.base/java.util=ALL-UNNAMED
24-Nov-2023 18:27:30.139 INFO [main] org.apache.catalina.startup.VersionLoggerListener.log Command line argument: --add-opens=java.base/java.util.concurrent=ALL-UNNAMED
24-Nov-2023 18:27:30.139 INFO [main] org.apache.catalina.startup.VersionLoggerListener.log Command line argument: --add-opens=java.rmi/sun.rmi.transport=ALL-UNNAMED
24-Nov-2023 18:27:30.154 INFO [main] org.apache.catalina.startup.VersionLoggerListener.log Command line argument: -Djava.util.logging.config.file=D:\Projetos\NetBeans\crud\tomcat\conf\logging.properties
24-Nov-2023 18:27:30.155 INFO [main] org.apache.catalina.startup.VersionLoggerListener.log Command line argument: -Djava.util.logging.manager=org.apache.juli.ClassLoaderLogManager
24-Nov-2023 18:27:30.155 INFO [main] org.apache.catalina.startup.VersionLoggerListener.log Command line argument: -Djdk.tls.ephemeralDHKeySize=2048
24-Nov-2023 18:27:30.155 INFO [main] org.apache.catalina.startup.VersionLoggerListener.log Command line argument: -Djava.protocol.handler.pkgs=org.apache.catalina.webresources
24-Nov-2023 18:27:30.155 INFO [main] org.apache.catalina.startup.VersionLoggerListener.log Command line argument: -Dignore.endorsed.dirs=
24-Nov-2023 18:27:30.155 INFO [main] org.apache.catalina.startup.VersionLoggerListener.log Command line argument: -Dcatalina.base=D:\Projetos\NetBeans\crud\tomcat
24-Nov-2023 18:27:30.155 INFO [main] org.apache.catalina.startup.VersionLoggerListener.log Command line argument: -Dcatalina.home=D:\Projetos\NetBeans\crud\tomcat
24-Nov-2023 18:27:30.155 INFO [main] org.apache.catalina.startup.VersionLoggerListener.log Command line argument: -Djava.io.tmpdir=D:\Projetos\NetBeans\crud\tomcat\temp
24-Nov-2023 18:27:30.155 INFO [main] org.apache.catalina.core.AprLifecycleListener.lifecycleEvent Loaded Apache Tomcat Native library [1.2.38] using APR version [1.7.4].
24-Nov-2023 18:27:30.156 INFO [main] org.apache.catalina.core.AprLifecycleListener.lifecycleEvent APR capabilities: IPv6 [true], sendfile [true], accept filters [false], random [true], UDS [{4}].
24-Nov-2023 18:27:30.156 INFO [main] org.apache.catalina.core.AprLifecycleListener.lifecycleEvent APR/OpenSSL configuration: useAprConnector [false], useOpenSSL [true]
24-Nov-2023 18:27:30.234 INFO [main] org.apache.catalina.core.AprLifecycleListener.initializeSSL OpenSSL successfully initialized [OpenSSL 1.1.1v  1 Aug 2023]
24-Nov-2023 18:27:30.336 INFO [main] org.apache.coyote.AbstractProtocol.init Initializing ProtocolHandler ["http-nio-8080"]
24-Nov-2023 18:27:30.489 INFO [main] org.apache.catalina.startup.Catalina.load Initialization processed in 2405 ms
24-Nov-2023 18:27:30.886 INFO [main] org.apache.catalina.core.StandardService.startInternal Starting service [Catalina]
24-Nov-2023 18:27:30.887 INFO [main] org.apache.catalina.core.StandardEngine.startInternal Starting Servlet engine: [Apache Tomcat/8.5.92]
24-Nov-2023 18:27:31.014 INFO [localhost-startStop-1] org.apache.catalina.startup.HostConfig.deployDescriptor Deploying deployment descriptor [D:\Projetos\NetBeans\crud\tomcat\conf\Catalina\localhost\PI.xml]
24-Nov-2023 18:27:34.561 INFO [localhost-startStop-1] org.apache.jasper.servlet.TldScanner.scanJars At least one JAR was scanned for TLDs yet contained no TLDs. Enable debug logging for this logger for a complete list of JARs that were scanned but no TLDs were found in them. Skipping unneeded JARs during scanning can improve startup time and JSP compilation time.
24-Nov-2023 18:27:34.813 WARNING [localhost-startStop-1] org.apache.catalina.util.SessionIdGeneratorBase.createSecureRandom Creation of SecureRandom instance for session ID generation using [SHA1PRNG] took [173] milliseconds.
24-Nov-2023 18:27:34.860 INFO [localhost-startStop-1] org.apache.catalina.startup.HostConfig.deployDescriptor Deployment of deployment descriptor [D:\Projetos\NetBeans\crud\tomcat\conf\Catalina\localhost\PI.xml] has finished in [3,847] ms
24-Nov-2023 18:27:34.863 INFO [localhost-startStop-1] org.apache.catalina.startup.HostConfig.deployDescriptor Deploying deployment descriptor [D:\Projetos\NetBeans\crud\tomcat\conf\Catalina\localhost\site.xml]
24-Nov-2023 18:27:36.642 INFO [localhost-startStop-1] org.apache.jasper.servlet.TldScanner.scanJars At least one JAR was scanned for TLDs yet contained no TLDs. Enable debug logging for this logger for a complete list of JARs that were scanned but no TLDs were found in them. Skipping unneeded JARs during scanning can improve startup time and JSP compilation time.
24-Nov-2023 18:27:36.654 INFO [localhost-startStop-1] org.apache.catalina.startup.HostConfig.deployDescriptor Deployment of deployment descriptor [D:\Projetos\NetBeans\crud\tomcat\conf\Catalina\localhost\site.xml] has finished in [1,790] ms
24-Nov-2023 18:27:36.654 INFO [localhost-startStop-1] org.apache.catalina.startup.HostConfig.deployDirectory Deploying web application directory [D:\Projetos\NetBeans\crud\tomcat\webapps\docs]
24-Nov-2023 18:27:36.795 INFO [localhost-startStop-1] org.apache.catalina.startup.HostConfig.deployDirectory Deployment of web application directory [D:\Projetos\NetBeans\crud\tomcat\webapps\docs] has finished in [141] ms
24-Nov-2023 18:27:36.796 INFO [localhost-startStop-1] org.apache.catalina.startup.HostConfig.deployDirectory Deploying web application directory [D:\Projetos\NetBeans\crud\tomcat\webapps\examples]
24-Nov-2023 18:27:38.870 INFO [localhost-startStop-1] org.apache.catalina.startup.HostConfig.deployDirectory Deployment of web application directory [D:\Projetos\NetBeans\crud\tomcat\webapps\examples] has finished in [2,073] ms
24-Nov-2023 18:27:38.870 INFO [localhost-startStop-1] org.apache.catalina.startup.HostConfig.deployDirectory Deploying web application directory [D:\Projetos\NetBeans\crud\tomcat\webapps\host-manager]
24-Nov-2023 18:27:39.014 INFO [localhost-startStop-1] org.apache.catalina.startup.HostConfig.deployDirectory Deployment of web application directory [D:\Projetos\NetBeans\crud\tomcat\webapps\host-manager] has finished in [143] ms
24-Nov-2023 18:27:39.014 INFO [localhost-startStop-1] org.apache.catalina.startup.HostConfig.deployDirectory Deploying web application directory [D:\Projetos\NetBeans\crud\tomcat\webapps\manager]
24-Nov-2023 18:27:39.157 INFO [localhost-startStop-1] org.apache.catalina.startup.HostConfig.deployDirectory Deployment of web application directory [D:\Projetos\NetBeans\crud\tomcat\webapps\manager] has finished in [142] ms
24-Nov-2023 18:27:39.163 INFO [localhost-startStop-1] org.apache.catalina.startup.HostConfig.deployDirectory Deploying web application directory [D:\Projetos\NetBeans\crud\tomcat\webapps\ROOT]
24-Nov-2023 18:27:39.240 INFO [localhost-startStop-1] org.apache.catalina.startup.HostConfig.deployDirectory Deployment of web application directory [D:\Projetos\NetBeans\crud\tomcat\webapps\ROOT] has finished in [78] ms
24-Nov-2023 18:27:39.245 INFO [main] org.apache.coyote.AbstractProtocol.start Starting ProtocolHandler ["http-nio-8080"]
24-Nov-2023 18:27:39.406 INFO [main] org.apache.catalina.startup.Catalina.start Server startup in 8914 ms
24-Nov-2023 20:28:28.246 INFO [main] org.apache.catalina.core.StandardServer.await A valid shutdown command was received via the shutdown port. Stopping the Server instance.
24-Nov-2023 20:28:28.259 INFO [main] org.apache.coyote.AbstractProtocol.pause Pausing ProtocolHandler ["http-nio-8080"]
24-Nov-2023 20:28:28.283 INFO [main] org.apache.catalina.core.StandardService.stopInternal Stopping service [Catalina]
24-Nov-2023 20:28:28.557 WARNING [localhost-startStop-2] org.apache.catalina.loader.WebappClassLoaderBase.clearReferencesJdbc The web application [PI] registered the JDBC driver [com.mysql.cj.jdbc.Driver] but failed to unregister it when the web application was stopped. To prevent a memory leak, the JDBC Driver has been forcibly unregistered.
24-Nov-2023 20:28:28.558 WARNING [localhost-startStop-2] org.apache.catalina.loader.WebappClassLoaderBase.clearReferencesThreads The web application [PI] appears to have started a thread named [mysql-cj-abandoned-connection-cleanup] but has failed to stop it. This is very likely to create a memory leak. Stack trace of thread:
 java.base/jdk.internal.misc.Unsafe.park(Native Method)
 java.base/java.util.concurrent.locks.LockSupport.parkNanos(LockSupport.java:269)
 java.base/java.util.concurrent.locks.AbstractQueuedSynchronizer$ConditionObject.await(AbstractQueuedSynchronizer.java:1759)
 java.base/java.lang.ref.ReferenceQueue.await(ReferenceQueue.java:71)
 java.base/java.lang.ref.ReferenceQueue.remove0(ReferenceQueue.java:143)
 java.base/java.lang.ref.ReferenceQueue.remove(ReferenceQueue.java:218)
 com.mysql.cj.jdbc.AbandonedConnectionCleanupThread.run(AbandonedConnectionCleanupThread.java:91)
 java.base/java.util.concurrent.ThreadPoolExecutor.runWorker(ThreadPoolExecutor.java:1144)
 java.base/java.util.concurrent.ThreadPoolExecutor$Worker.run(ThreadPoolExecutor.java:642)
 java.base/java.lang.Thread.run(Thread.java:1589)
24-Nov-2023 20:28:28.579 INFO [main] org.apache.coyote.AbstractProtocol.stop Stopping ProtocolHandler ["http-nio-8080"]
24-Nov-2023 20:28:28.598 INFO [main] org.apache.coyote.AbstractProtocol.destroy Destroying ProtocolHandler ["http-nio-8080"]
