14-Oct-2023 09:53:55.731 INFO [main] org.apache.catalina.startup.VersionLoggerListener.log Server version name:   Apache Tomcat/8.5.92
14-Oct-2023 09:53:55.737 INFO [main] org.apache.catalina.startup.VersionLoggerListener.log Server built:          Aug 9 2023 11:22:56 UTC
14-Oct-2023 09:53:55.737 INFO [main] org.apache.catalina.startup.VersionLoggerListener.log Server version number: 8.5.92.0
14-Oct-2023 09:53:55.737 INFO [main] org.apache.catalina.startup.VersionLoggerListener.log OS Name:               Windows 10
14-Oct-2023 09:53:55.738 INFO [main] org.apache.catalina.startup.VersionLoggerListener.log OS Version:            10.0
14-Oct-2023 09:53:55.738 INFO [main] org.apache.catalina.startup.VersionLoggerListener.log Architecture:          amd64
14-Oct-2023 09:53:55.738 INFO [main] org.apache.catalina.startup.VersionLoggerListener.log Java Home:             C:\Program Files\Java\jdk-19
14-Oct-2023 09:53:55.738 INFO [main] org.apache.catalina.startup.VersionLoggerListener.log JVM Version:           19.0.2+7-44
14-Oct-2023 09:53:55.738 INFO [main] org.apache.catalina.startup.VersionLoggerListener.log JVM Vendor:            Oracle Corporation
14-Oct-2023 09:53:55.738 INFO [main] org.apache.catalina.startup.VersionLoggerListener.log CATALINA_BASE:         D:\Projetos\NetBeans\crud\tomcat
14-Oct-2023 09:53:55.740 INFO [main] org.apache.catalina.startup.VersionLoggerListener.log CATALINA_HOME:         D:\Projetos\NetBeans\crud\tomcat
14-Oct-2023 09:53:55.741 INFO [main] org.apache.catalina.startup.VersionLoggerListener.log Command line argument: --add-opens=java.base/java.lang=ALL-UNNAMED
14-Oct-2023 09:53:55.742 INFO [main] org.apache.catalina.startup.VersionLoggerListener.log Command line argument: --add-opens=java.base/java.io=ALL-UNNAMED
14-Oct-2023 09:53:55.742 INFO [main] org.apache.catalina.startup.VersionLoggerListener.log Command line argument: --add-opens=java.base/java.util=ALL-UNNAMED
14-Oct-2023 09:53:55.742 INFO [main] org.apache.catalina.startup.VersionLoggerListener.log Command line argument: --add-opens=java.base/java.util.concurrent=ALL-UNNAMED
14-Oct-2023 09:53:55.742 INFO [main] org.apache.catalina.startup.VersionLoggerListener.log Command line argument: --add-opens=java.rmi/sun.rmi.transport=ALL-UNNAMED
14-Oct-2023 09:53:55.743 INFO [main] org.apache.catalina.startup.VersionLoggerListener.log Command line argument: -Djava.util.logging.config.file=D:\Projetos\NetBeans\crud\tomcat\conf\logging.properties
14-Oct-2023 09:53:55.744 INFO [main] org.apache.catalina.startup.VersionLoggerListener.log Command line argument: -Djava.util.logging.manager=org.apache.juli.ClassLoaderLogManager
14-Oct-2023 09:53:55.744 INFO [main] org.apache.catalina.startup.VersionLoggerListener.log Command line argument: -Djdk.tls.ephemeralDHKeySize=2048
14-Oct-2023 09:53:55.745 INFO [main] org.apache.catalina.startup.VersionLoggerListener.log Command line argument: -Djava.protocol.handler.pkgs=org.apache.catalina.webresources
14-Oct-2023 09:53:55.745 INFO [main] org.apache.catalina.startup.VersionLoggerListener.log Command line argument: -Dignore.endorsed.dirs=
14-Oct-2023 09:53:55.745 INFO [main] org.apache.catalina.startup.VersionLoggerListener.log Command line argument: -Dcatalina.base=D:\Projetos\NetBeans\crud\tomcat
14-Oct-2023 09:53:55.745 INFO [main] org.apache.catalina.startup.VersionLoggerListener.log Command line argument: -Dcatalina.home=D:\Projetos\NetBeans\crud\tomcat
14-Oct-2023 09:53:55.745 INFO [main] org.apache.catalina.startup.VersionLoggerListener.log Command line argument: -Djava.io.tmpdir=D:\Projetos\NetBeans\crud\tomcat\temp
14-Oct-2023 09:53:55.746 INFO [main] org.apache.catalina.core.AprLifecycleListener.lifecycleEvent Loaded Apache Tomcat Native library [1.2.38] using APR version [1.7.4].
14-Oct-2023 09:53:55.746 INFO [main] org.apache.catalina.core.AprLifecycleListener.lifecycleEvent APR capabilities: IPv6 [true], sendfile [true], accept filters [false], random [true], UDS [{4}].
14-Oct-2023 09:53:55.747 INFO [main] org.apache.catalina.core.AprLifecycleListener.lifecycleEvent APR/OpenSSL configuration: useAprConnector [false], useOpenSSL [true]
14-Oct-2023 09:53:55.810 INFO [main] org.apache.catalina.core.AprLifecycleListener.initializeSSL OpenSSL successfully initialized [OpenSSL 1.1.1v  1 Aug 2023]
14-Oct-2023 09:53:55.874 INFO [main] org.apache.coyote.AbstractProtocol.init Initializing ProtocolHandler ["http-nio-8080"]
14-Oct-2023 09:53:55.920 INFO [main] org.apache.catalina.startup.Catalina.load Initialization processed in 990 ms
14-Oct-2023 09:53:56.021 INFO [main] org.apache.catalina.core.StandardService.startInternal Starting service [Catalina]
14-Oct-2023 09:53:56.021 INFO [main] org.apache.catalina.core.StandardEngine.startInternal Starting Servlet engine: [Apache Tomcat/8.5.92]
14-Oct-2023 09:53:56.042 INFO [localhost-startStop-1] org.apache.catalina.startup.HostConfig.deployDescriptor Deploying deployment descriptor [D:\Projetos\NetBeans\crud\tomcat\conf\Catalina\localhost\dogspace.xml]
14-Oct-2023 09:53:57.397 INFO [localhost-startStop-1] org.apache.jasper.servlet.TldScanner.scanJars At least one JAR was scanned for TLDs yet contained no TLDs. Enable debug logging for this logger for a complete list of JARs that were scanned but no TLDs were found in them. Skipping unneeded JARs during scanning can improve startup time and JSP compilation time.
14-Oct-2023 09:53:57.564 INFO [localhost-startStop-1] org.apache.catalina.startup.HostConfig.deployDescriptor Deployment of deployment descriptor [D:\Projetos\NetBeans\crud\tomcat\conf\Catalina\localhost\dogspace.xml] has finished in [1,521] ms
14-Oct-2023 09:53:57.564 INFO [localhost-startStop-1] org.apache.catalina.startup.HostConfig.deployDescriptor Deploying deployment descriptor [D:\Projetos\NetBeans\crud\tomcat\conf\Catalina\localhost\site.xml]
14-Oct-2023 09:53:58.267 INFO [localhost-startStop-1] org.apache.jasper.servlet.TldScanner.scanJars At least one JAR was scanned for TLDs yet contained no TLDs. Enable debug logging for this logger for a complete list of JARs that were scanned but no TLDs were found in them. Skipping unneeded JARs during scanning can improve startup time and JSP compilation time.
14-Oct-2023 09:53:58.272 INFO [localhost-startStop-1] org.apache.catalina.startup.HostConfig.deployDescriptor Deployment of deployment descriptor [D:\Projetos\NetBeans\crud\tomcat\conf\Catalina\localhost\site.xml] has finished in [708] ms
14-Oct-2023 09:53:58.273 INFO [localhost-startStop-1] org.apache.catalina.startup.HostConfig.deployDirectory Deploying web application directory [D:\Projetos\NetBeans\crud\tomcat\webapps\docs]
14-Oct-2023 09:53:58.351 INFO [localhost-startStop-1] org.apache.catalina.startup.HostConfig.deployDirectory Deployment of web application directory [D:\Projetos\NetBeans\crud\tomcat\webapps\docs] has finished in [78] ms
14-Oct-2023 09:53:58.351 INFO [localhost-startStop-1] org.apache.catalina.startup.HostConfig.deployDirectory Deploying web application directory [D:\Projetos\NetBeans\crud\tomcat\webapps\examples]
14-Oct-2023 09:53:59.438 INFO [localhost-startStop-1] org.apache.catalina.startup.HostConfig.deployDirectory Deployment of web application directory [D:\Projetos\NetBeans\crud\tomcat\webapps\examples] has finished in [1,087] ms
14-Oct-2023 09:53:59.440 INFO [localhost-startStop-1] org.apache.catalina.startup.HostConfig.deployDirectory Deploying web application directory [D:\Projetos\NetBeans\crud\tomcat\webapps\host-manager]
14-Oct-2023 09:53:59.512 INFO [localhost-startStop-1] org.apache.catalina.startup.HostConfig.deployDirectory Deployment of web application directory [D:\Projetos\NetBeans\crud\tomcat\webapps\host-manager] has finished in [72] ms
14-Oct-2023 09:53:59.513 INFO [localhost-startStop-1] org.apache.catalina.startup.HostConfig.deployDirectory Deploying web application directory [D:\Projetos\NetBeans\crud\tomcat\webapps\manager]
14-Oct-2023 09:53:59.603 INFO [localhost-startStop-1] org.apache.catalina.startup.HostConfig.deployDirectory Deployment of web application directory [D:\Projetos\NetBeans\crud\tomcat\webapps\manager] has finished in [90] ms
14-Oct-2023 09:53:59.603 INFO [localhost-startStop-1] org.apache.catalina.startup.HostConfig.deployDirectory Deploying web application directory [D:\Projetos\NetBeans\crud\tomcat\webapps\ROOT]
14-Oct-2023 09:53:59.657 INFO [localhost-startStop-1] org.apache.catalina.startup.HostConfig.deployDirectory Deployment of web application directory [D:\Projetos\NetBeans\crud\tomcat\webapps\ROOT] has finished in [53] ms
14-Oct-2023 09:53:59.659 INFO [main] org.apache.coyote.AbstractProtocol.start Starting ProtocolHandler ["http-nio-8080"]
14-Oct-2023 09:53:59.743 INFO [main] org.apache.catalina.startup.Catalina.start Server startup in 3820 ms
14-Oct-2023 10:16:52.998 WARNING [http-nio-8080-exec-1] org.apache.catalina.loader.WebappClassLoaderBase.clearReferencesJdbc The web application [dogspace] registered the JDBC driver [com.mysql.cj.jdbc.Driver] but failed to unregister it when the web application was stopped. To prevent a memory leak, the JDBC Driver has been forcibly unregistered.
14-Oct-2023 10:16:53.001 WARNING [http-nio-8080-exec-1] org.apache.catalina.loader.WebappClassLoaderBase.clearReferencesThreads The web application [dogspace] appears to have started a thread named [mysql-cj-abandoned-connection-cleanup] but has failed to stop it. This is very likely to create a memory leak. Stack trace of thread:
 java.base/jdk.internal.misc.Unsafe.park(Native Method)
 java.base/java.util.concurrent.locks.LockSupport.parkNanos(LockSupport.java:269)
 java.base/java.util.concurrent.locks.AbstractQueuedSynchronizer$ConditionObject.await(AbstractQueuedSynchronizer.java:1759)
 java.base/java.lang.ref.ReferenceQueue.await(ReferenceQueue.java:71)
 java.base/java.lang.ref.ReferenceQueue.remove0(ReferenceQueue.java:143)
 java.base/java.lang.ref.ReferenceQueue.remove(ReferenceQueue.java:218)
 com.mysql.cj.jdbc.AbandonedConnectionCleanupThread.run(AbandonedConnectionCleanupThread.java:91)
 java.base/java.util.concurrent.ThreadPoolExecutor.runWorker(ThreadPoolExecutor.java:1144)
 java.base/java.util.concurrent.ThreadPoolExecutor$Worker.run(ThreadPoolExecutor.java:642)
 java.base/java.lang.Thread.run(Thread.java:1589)
14-Oct-2023 10:16:53.523 INFO [http-nio-8080-exec-1] org.apache.catalina.startup.HostConfig.undeploy Undeploying context [/dogspace]
14-Oct-2023 10:16:54.548 INFO [mysql-cj-abandoned-connection-cleanup] org.apache.catalina.loader.WebappClassLoaderBase.checkStateForResourceLoading Illegal access: this web application instance has been stopped already. Could not load []. The following stack trace is thrown for debugging purposes as well as to attempt to terminate the thread which caused the illegal access.
	java.lang.IllegalStateException: Illegal access: this web application instance has been stopped already. Could not load []. The following stack trace is thrown for debugging purposes as well as to attempt to terminate the thread which caused the illegal access.
		at org.apache.catalina.loader.WebappClassLoaderBase.checkStateForResourceLoading(WebappClassLoaderBase.java:1440)
		at org.apache.catalina.loader.WebappClassLoaderBase.getResource(WebappClassLoaderBase.java:1065)
		at com.mysql.cj.jdbc.AbandonedConnectionCleanupThread.checkThreadContextClassLoader(AbandonedConnectionCleanupThread.java:123)
		at com.mysql.cj.jdbc.AbandonedConnectionCleanupThread.run(AbandonedConnectionCleanupThread.java:90)
		at java.base/java.util.concurrent.ThreadPoolExecutor.runWorker(ThreadPoolExecutor.java:1144)
		at java.base/java.util.concurrent.ThreadPoolExecutor$Worker.run(ThreadPoolExecutor.java:642)
		at java.base/java.lang.Thread.run(Thread.java:1589)
14-Oct-2023 10:17:08.334 INFO [main] org.apache.catalina.core.StandardServer.await A valid shutdown command was received via the shutdown port. Stopping the Server instance.
14-Oct-2023 10:17:08.335 INFO [main] org.apache.coyote.AbstractProtocol.pause Pausing ProtocolHandler ["http-nio-8080"]
14-Oct-2023 10:17:08.344 INFO [main] org.apache.catalina.core.StandardService.stopInternal Stopping service [Catalina]
14-Oct-2023 10:17:08.366 INFO [main] org.apache.coyote.AbstractProtocol.stop Stopping ProtocolHandler ["http-nio-8080"]
14-Oct-2023 10:17:08.377 INFO [main] org.apache.coyote.AbstractProtocol.destroy Destroying ProtocolHandler ["http-nio-8080"]
14-Oct-2023 10:17:13.307 INFO [main] org.apache.catalina.startup.VersionLoggerListener.log Server version name:   Apache Tomcat/8.5.92
14-Oct-2023 10:17:13.311 INFO [main] org.apache.catalina.startup.VersionLoggerListener.log Server built:          Aug 9 2023 11:22:56 UTC
14-Oct-2023 10:17:13.311 INFO [main] org.apache.catalina.startup.VersionLoggerListener.log Server version number: 8.5.92.0
14-Oct-2023 10:17:13.312 INFO [main] org.apache.catalina.startup.VersionLoggerListener.log OS Name:               Windows 10
14-Oct-2023 10:17:13.313 INFO [main] org.apache.catalina.startup.VersionLoggerListener.log OS Version:            10.0
14-Oct-2023 10:17:13.313 INFO [main] org.apache.catalina.startup.VersionLoggerListener.log Architecture:          amd64
14-Oct-2023 10:17:13.313 INFO [main] org.apache.catalina.startup.VersionLoggerListener.log Java Home:             C:\Program Files\Java\jdk-19
14-Oct-2023 10:17:13.313 INFO [main] org.apache.catalina.startup.VersionLoggerListener.log JVM Version:           19.0.2+7-44
14-Oct-2023 10:17:13.313 INFO [main] org.apache.catalina.startup.VersionLoggerListener.log JVM Vendor:            Oracle Corporation
14-Oct-2023 10:17:13.313 INFO [main] org.apache.catalina.startup.VersionLoggerListener.log CATALINA_BASE:         D:\Projetos\NetBeans\crud\tomcat
14-Oct-2023 10:17:13.314 INFO [main] org.apache.catalina.startup.VersionLoggerListener.log CATALINA_HOME:         D:\Projetos\NetBeans\crud\tomcat
14-Oct-2023 10:17:13.314 INFO [main] org.apache.catalina.startup.VersionLoggerListener.log Command line argument: --add-opens=java.base/java.lang=ALL-UNNAMED
14-Oct-2023 10:17:13.315 INFO [main] org.apache.catalina.startup.VersionLoggerListener.log Command line argument: --add-opens=java.base/java.io=ALL-UNNAMED
14-Oct-2023 10:17:13.315 INFO [main] org.apache.catalina.startup.VersionLoggerListener.log Command line argument: --add-opens=java.base/java.util=ALL-UNNAMED
14-Oct-2023 10:17:13.315 INFO [main] org.apache.catalina.startup.VersionLoggerListener.log Command line argument: --add-opens=java.base/java.util.concurrent=ALL-UNNAMED
14-Oct-2023 10:17:13.316 INFO [main] org.apache.catalina.startup.VersionLoggerListener.log Command line argument: --add-opens=java.rmi/sun.rmi.transport=ALL-UNNAMED
14-Oct-2023 10:17:13.316 INFO [main] org.apache.catalina.startup.VersionLoggerListener.log Command line argument: -Djava.util.logging.config.file=D:\Projetos\NetBeans\crud\tomcat\conf\logging.properties
14-Oct-2023 10:17:13.316 INFO [main] org.apache.catalina.startup.VersionLoggerListener.log Command line argument: -Djava.util.logging.manager=org.apache.juli.ClassLoaderLogManager
14-Oct-2023 10:17:13.316 INFO [main] org.apache.catalina.startup.VersionLoggerListener.log Command line argument: -Djdk.tls.ephemeralDHKeySize=2048
14-Oct-2023 10:17:13.317 INFO [main] org.apache.catalina.startup.VersionLoggerListener.log Command line argument: -Djava.protocol.handler.pkgs=org.apache.catalina.webresources
14-Oct-2023 10:17:13.318 INFO [main] org.apache.catalina.startup.VersionLoggerListener.log Command line argument: -Dignore.endorsed.dirs=
14-Oct-2023 10:17:13.318 INFO [main] org.apache.catalina.startup.VersionLoggerListener.log Command line argument: -Dcatalina.base=D:\Projetos\NetBeans\crud\tomcat
14-Oct-2023 10:17:13.318 INFO [main] org.apache.catalina.startup.VersionLoggerListener.log Command line argument: -Dcatalina.home=D:\Projetos\NetBeans\crud\tomcat
14-Oct-2023 10:17:13.318 INFO [main] org.apache.catalina.startup.VersionLoggerListener.log Command line argument: -Djava.io.tmpdir=D:\Projetos\NetBeans\crud\tomcat\temp
14-Oct-2023 10:17:13.318 INFO [main] org.apache.catalina.core.AprLifecycleListener.lifecycleEvent Loaded Apache Tomcat Native library [1.2.38] using APR version [1.7.4].
14-Oct-2023 10:17:13.319 INFO [main] org.apache.catalina.core.AprLifecycleListener.lifecycleEvent APR capabilities: IPv6 [true], sendfile [true], accept filters [false], random [true], UDS [{4}].
14-Oct-2023 10:17:13.319 INFO [main] org.apache.catalina.core.AprLifecycleListener.lifecycleEvent APR/OpenSSL configuration: useAprConnector [false], useOpenSSL [true]
14-Oct-2023 10:17:13.396 INFO [main] org.apache.catalina.core.AprLifecycleListener.initializeSSL OpenSSL successfully initialized [OpenSSL 1.1.1v  1 Aug 2023]
14-Oct-2023 10:17:13.464 INFO [main] org.apache.coyote.AbstractProtocol.init Initializing ProtocolHandler ["http-nio-8080"]
14-Oct-2023 10:17:13.530 INFO [main] org.apache.catalina.startup.Catalina.load Initialization processed in 827 ms
14-Oct-2023 10:17:13.604 INFO [main] org.apache.catalina.core.StandardService.startInternal Starting service [Catalina]
14-Oct-2023 10:17:13.605 INFO [main] org.apache.catalina.core.StandardEngine.startInternal Starting Servlet engine: [Apache Tomcat/8.5.92]
14-Oct-2023 10:17:13.618 INFO [localhost-startStop-1] org.apache.catalina.startup.HostConfig.deployDescriptor Deploying deployment descriptor [D:\Projetos\NetBeans\crud\tomcat\conf\Catalina\localhost\site.xml]
14-Oct-2023 10:17:14.708 INFO [localhost-startStop-1] org.apache.jasper.servlet.TldScanner.scanJars At least one JAR was scanned for TLDs yet contained no TLDs. Enable debug logging for this logger for a complete list of JARs that were scanned but no TLDs were found in them. Skipping unneeded JARs during scanning can improve startup time and JSP compilation time.
14-Oct-2023 10:17:14.817 INFO [localhost-startStop-1] org.apache.catalina.startup.HostConfig.deployDescriptor Deployment of deployment descriptor [D:\Projetos\NetBeans\crud\tomcat\conf\Catalina\localhost\site.xml] has finished in [1,198] ms
14-Oct-2023 10:17:14.818 INFO [localhost-startStop-1] org.apache.catalina.startup.HostConfig.deployDirectory Deploying web application directory [D:\Projetos\NetBeans\crud\tomcat\webapps\docs]
14-Oct-2023 10:17:14.878 INFO [localhost-startStop-1] org.apache.catalina.startup.HostConfig.deployDirectory Deployment of web application directory [D:\Projetos\NetBeans\crud\tomcat\webapps\docs] has finished in [59] ms
14-Oct-2023 10:17:14.879 INFO [localhost-startStop-1] org.apache.catalina.startup.HostConfig.deployDirectory Deploying web application directory [D:\Projetos\NetBeans\crud\tomcat\webapps\examples]
14-Oct-2023 10:17:15.574 INFO [localhost-startStop-1] org.apache.catalina.startup.HostConfig.deployDirectory Deployment of web application directory [D:\Projetos\NetBeans\crud\tomcat\webapps\examples] has finished in [694] ms
14-Oct-2023 10:17:15.574 INFO [localhost-startStop-1] org.apache.catalina.startup.HostConfig.deployDirectory Deploying web application directory [D:\Projetos\NetBeans\crud\tomcat\webapps\host-manager]
14-Oct-2023 10:17:15.649 INFO [localhost-startStop-1] org.apache.catalina.startup.HostConfig.deployDirectory Deployment of web application directory [D:\Projetos\NetBeans\crud\tomcat\webapps\host-manager] has finished in [74] ms
14-Oct-2023 10:17:15.649 INFO [localhost-startStop-1] org.apache.catalina.startup.HostConfig.deployDirectory Deploying web application directory [D:\Projetos\NetBeans\crud\tomcat\webapps\manager]
14-Oct-2023 10:17:15.725 INFO [localhost-startStop-1] org.apache.catalina.startup.HostConfig.deployDirectory Deployment of web application directory [D:\Projetos\NetBeans\crud\tomcat\webapps\manager] has finished in [76] ms
14-Oct-2023 10:17:15.725 INFO [localhost-startStop-1] org.apache.catalina.startup.HostConfig.deployDirectory Deploying web application directory [D:\Projetos\NetBeans\crud\tomcat\webapps\ROOT]
14-Oct-2023 10:17:15.761 INFO [localhost-startStop-1] org.apache.catalina.startup.HostConfig.deployDirectory Deployment of web application directory [D:\Projetos\NetBeans\crud\tomcat\webapps\ROOT] has finished in [36] ms
14-Oct-2023 10:17:15.763 INFO [main] org.apache.coyote.AbstractProtocol.start Starting ProtocolHandler ["http-nio-8080"]
14-Oct-2023 10:17:15.839 INFO [main] org.apache.catalina.startup.Catalina.start Server startup in 2307 ms
14-Oct-2023 10:18:10.489 INFO [main] org.apache.catalina.core.StandardServer.await A valid shutdown command was received via the shutdown port. Stopping the Server instance.
14-Oct-2023 10:18:10.489 INFO [main] org.apache.coyote.AbstractProtocol.pause Pausing ProtocolHandler ["http-nio-8080"]
14-Oct-2023 10:18:10.499 INFO [main] org.apache.catalina.core.StandardService.stopInternal Stopping service [Catalina]
14-Oct-2023 10:18:10.529 INFO [main] org.apache.coyote.AbstractProtocol.stop Stopping ProtocolHandler ["http-nio-8080"]
14-Oct-2023 10:18:10.543 INFO [main] org.apache.coyote.AbstractProtocol.destroy Destroying ProtocolHandler ["http-nio-8080"]
14-Oct-2023 10:18:20.301 INFO [main] org.apache.catalina.startup.VersionLoggerListener.log Server version name:   Apache Tomcat/8.5.92
14-Oct-2023 10:18:20.304 INFO [main] org.apache.catalina.startup.VersionLoggerListener.log Server built:          Aug 9 2023 11:22:56 UTC
14-Oct-2023 10:18:20.305 INFO [main] org.apache.catalina.startup.VersionLoggerListener.log Server version number: 8.5.92.0
14-Oct-2023 10:18:20.305 INFO [main] org.apache.catalina.startup.VersionLoggerListener.log OS Name:               Windows 10
14-Oct-2023 10:18:20.305 INFO [main] org.apache.catalina.startup.VersionLoggerListener.log OS Version:            10.0
14-Oct-2023 10:18:20.305 INFO [main] org.apache.catalina.startup.VersionLoggerListener.log Architecture:          amd64
14-Oct-2023 10:18:20.305 INFO [main] org.apache.catalina.startup.VersionLoggerListener.log Java Home:             C:\Program Files\Java\jdk-19
14-Oct-2023 10:18:20.305 INFO [main] org.apache.catalina.startup.VersionLoggerListener.log JVM Version:           19.0.2+7-44
14-Oct-2023 10:18:20.305 INFO [main] org.apache.catalina.startup.VersionLoggerListener.log JVM Vendor:            Oracle Corporation
14-Oct-2023 10:18:20.305 INFO [main] org.apache.catalina.startup.VersionLoggerListener.log CATALINA_BASE:         D:\Projetos\NetBeans\crud\tomcat
14-Oct-2023 10:18:20.305 INFO [main] org.apache.catalina.startup.VersionLoggerListener.log CATALINA_HOME:         D:\Projetos\NetBeans\crud\tomcat
14-Oct-2023 10:18:20.308 INFO [main] org.apache.catalina.startup.VersionLoggerListener.log Command line argument: --add-opens=java.base/java.lang=ALL-UNNAMED
14-Oct-2023 10:18:20.308 INFO [main] org.apache.catalina.startup.VersionLoggerListener.log Command line argument: --add-opens=java.base/java.io=ALL-UNNAMED
14-Oct-2023 10:18:20.309 INFO [main] org.apache.catalina.startup.VersionLoggerListener.log Command line argument: --add-opens=java.base/java.util=ALL-UNNAMED
14-Oct-2023 10:18:20.309 INFO [main] org.apache.catalina.startup.VersionLoggerListener.log Command line argument: --add-opens=java.base/java.util.concurrent=ALL-UNNAMED
14-Oct-2023 10:18:20.309 INFO [main] org.apache.catalina.startup.VersionLoggerListener.log Command line argument: --add-opens=java.rmi/sun.rmi.transport=ALL-UNNAMED
14-Oct-2023 10:18:20.309 INFO [main] org.apache.catalina.startup.VersionLoggerListener.log Command line argument: -Djava.util.logging.config.file=D:\Projetos\NetBeans\crud\tomcat\conf\logging.properties
14-Oct-2023 10:18:20.309 INFO [main] org.apache.catalina.startup.VersionLoggerListener.log Command line argument: -Djava.util.logging.manager=org.apache.juli.ClassLoaderLogManager
14-Oct-2023 10:18:20.309 INFO [main] org.apache.catalina.startup.VersionLoggerListener.log Command line argument: -Djdk.tls.ephemeralDHKeySize=2048
14-Oct-2023 10:18:20.309 INFO [main] org.apache.catalina.startup.VersionLoggerListener.log Command line argument: -Djava.protocol.handler.pkgs=org.apache.catalina.webresources
14-Oct-2023 10:18:20.309 INFO [main] org.apache.catalina.startup.VersionLoggerListener.log Command line argument: -Dignore.endorsed.dirs=
14-Oct-2023 10:18:20.309 INFO [main] org.apache.catalina.startup.VersionLoggerListener.log Command line argument: -Dcatalina.base=D:\Projetos\NetBeans\crud\tomcat
14-Oct-2023 10:18:20.310 INFO [main] org.apache.catalina.startup.VersionLoggerListener.log Command line argument: -Dcatalina.home=D:\Projetos\NetBeans\crud\tomcat
14-Oct-2023 10:18:20.310 INFO [main] org.apache.catalina.startup.VersionLoggerListener.log Command line argument: -Djava.io.tmpdir=D:\Projetos\NetBeans\crud\tomcat\temp
14-Oct-2023 10:18:20.310 INFO [main] org.apache.catalina.core.AprLifecycleListener.lifecycleEvent Loaded Apache Tomcat Native library [1.2.38] using APR version [1.7.4].
14-Oct-2023 10:18:20.310 INFO [main] org.apache.catalina.core.AprLifecycleListener.lifecycleEvent APR capabilities: IPv6 [true], sendfile [true], accept filters [false], random [true], UDS [{4}].
14-Oct-2023 10:18:20.310 INFO [main] org.apache.catalina.core.AprLifecycleListener.lifecycleEvent APR/OpenSSL configuration: useAprConnector [false], useOpenSSL [true]
14-Oct-2023 10:18:20.404 INFO [main] org.apache.catalina.core.AprLifecycleListener.initializeSSL OpenSSL successfully initialized [OpenSSL 1.1.1v  1 Aug 2023]
14-Oct-2023 10:18:20.458 INFO [main] org.apache.coyote.AbstractProtocol.init Initializing ProtocolHandler ["http-nio-8080"]
14-Oct-2023 10:18:20.486 INFO [main] org.apache.catalina.startup.Catalina.load Initialization processed in 877 ms
14-Oct-2023 10:18:20.554 INFO [main] org.apache.catalina.core.StandardService.startInternal Starting service [Catalina]
14-Oct-2023 10:18:20.554 INFO [main] org.apache.catalina.core.StandardEngine.startInternal Starting Servlet engine: [Apache Tomcat/8.5.92]
14-Oct-2023 10:18:20.568 INFO [localhost-startStop-1] org.apache.catalina.startup.HostConfig.deployDescriptor Deploying deployment descriptor [D:\Projetos\NetBeans\crud\tomcat\conf\Catalina\localhost\site.xml]
14-Oct-2023 10:18:21.969 INFO [localhost-startStop-1] org.apache.jasper.servlet.TldScanner.scanJars At least one JAR was scanned for TLDs yet contained no TLDs. Enable debug logging for this logger for a complete list of JARs that were scanned but no TLDs were found in them. Skipping unneeded JARs during scanning can improve startup time and JSP compilation time.
14-Oct-2023 10:18:22.077 INFO [localhost-startStop-1] org.apache.catalina.startup.HostConfig.deployDescriptor Deployment of deployment descriptor [D:\Projetos\NetBeans\crud\tomcat\conf\Catalina\localhost\site.xml] has finished in [1,509] ms
14-Oct-2023 10:18:22.078 INFO [localhost-startStop-1] org.apache.catalina.startup.HostConfig.deployDirectory Deploying web application directory [D:\Projetos\NetBeans\crud\tomcat\webapps\docs]
14-Oct-2023 10:18:22.138 INFO [localhost-startStop-1] org.apache.catalina.startup.HostConfig.deployDirectory Deployment of web application directory [D:\Projetos\NetBeans\crud\tomcat\webapps\docs] has finished in [60] ms
14-Oct-2023 10:18:22.138 INFO [localhost-startStop-1] org.apache.catalina.startup.HostConfig.deployDirectory Deploying web application directory [D:\Projetos\NetBeans\crud\tomcat\webapps\examples]
14-Oct-2023 10:18:22.857 INFO [localhost-startStop-1] org.apache.catalina.startup.HostConfig.deployDirectory Deployment of web application directory [D:\Projetos\NetBeans\crud\tomcat\webapps\examples] has finished in [718] ms
14-Oct-2023 10:18:22.857 INFO [localhost-startStop-1] org.apache.catalina.startup.HostConfig.deployDirectory Deploying web application directory [D:\Projetos\NetBeans\crud\tomcat\webapps\host-manager]
14-Oct-2023 10:18:22.948 INFO [localhost-startStop-1] org.apache.catalina.startup.HostConfig.deployDirectory Deployment of web application directory [D:\Projetos\NetBeans\crud\tomcat\webapps\host-manager] has finished in [89] ms
14-Oct-2023 10:18:22.948 INFO [localhost-startStop-1] org.apache.catalina.startup.HostConfig.deployDirectory Deploying web application directory [D:\Projetos\NetBeans\crud\tomcat\webapps\manager]
14-Oct-2023 10:18:23.054 INFO [localhost-startStop-1] org.apache.catalina.startup.HostConfig.deployDirectory Deployment of web application directory [D:\Projetos\NetBeans\crud\tomcat\webapps\manager] has finished in [106] ms
14-Oct-2023 10:18:23.054 INFO [localhost-startStop-1] org.apache.catalina.startup.HostConfig.deployDirectory Deploying web application directory [D:\Projetos\NetBeans\crud\tomcat\webapps\ROOT]
14-Oct-2023 10:18:23.099 INFO [localhost-startStop-1] org.apache.catalina.startup.HostConfig.deployDirectory Deployment of web application directory [D:\Projetos\NetBeans\crud\tomcat\webapps\ROOT] has finished in [45] ms
14-Oct-2023 10:18:23.106 INFO [main] org.apache.coyote.AbstractProtocol.start Starting ProtocolHandler ["http-nio-8080"]
14-Oct-2023 10:18:23.200 INFO [main] org.apache.catalina.startup.Catalina.start Server startup in 2712 ms
14-Oct-2023 10:18:23.960 INFO [http-nio-8080-exec-10] org.apache.catalina.startup.HostConfig.deployDescriptor Deploying deployment descriptor [D:\Projetos\NetBeans\crud\tomcat\conf\Catalina\localhost\dogspace.xml]
14-Oct-2023 10:18:24.721 INFO [http-nio-8080-exec-10] org.apache.jasper.servlet.TldScanner.scanJars At least one JAR was scanned for TLDs yet contained no TLDs. Enable debug logging for this logger for a complete list of JARs that were scanned but no TLDs were found in them. Skipping unneeded JARs during scanning can improve startup time and JSP compilation time.
14-Oct-2023 10:18:24.727 INFO [http-nio-8080-exec-10] org.apache.catalina.startup.HostConfig.deployDescriptor Deployment of deployment descriptor [D:\Projetos\NetBeans\crud\tomcat\conf\Catalina\localhost\dogspace.xml] has finished in [767] ms
14-Oct-2023 10:18:24.731 INFO [http-nio-8080-exec-1] org.apache.catalina.util.LifecycleBase.start The start() method was called on component [StandardEngine[Catalina].StandardHost[localhost].StandardContext[/dogspace]] after start() had already been called. The second call will be ignored.
14-Oct-2023 10:58:46.512 WARNING [http-nio-8080-exec-1] org.apache.catalina.loader.WebappClassLoaderBase.clearReferencesJdbc The web application [dogspace] registered the JDBC driver [com.mysql.cj.jdbc.Driver] but failed to unregister it when the web application was stopped. To prevent a memory leak, the JDBC Driver has been forcibly unregistered.
14-Oct-2023 10:58:46.517 WARNING [http-nio-8080-exec-1] org.apache.catalina.loader.WebappClassLoaderBase.clearReferencesThreads The web application [dogspace] appears to have started a thread named [mysql-cj-abandoned-connection-cleanup] but has failed to stop it. This is very likely to create a memory leak. Stack trace of thread:
 java.base/jdk.internal.misc.Unsafe.park(Native Method)
 java.base/java.util.concurrent.locks.LockSupport.parkNanos(LockSupport.java:269)
 java.base/java.util.concurrent.locks.AbstractQueuedSynchronizer$ConditionObject.await(AbstractQueuedSynchronizer.java:1759)
 java.base/java.lang.ref.ReferenceQueue.await(ReferenceQueue.java:71)
 java.base/java.lang.ref.ReferenceQueue.remove0(ReferenceQueue.java:143)
 java.base/java.lang.ref.ReferenceQueue.remove(ReferenceQueue.java:218)
 com.mysql.cj.jdbc.AbandonedConnectionCleanupThread.run(AbandonedConnectionCleanupThread.java:91)
 java.base/java.util.concurrent.ThreadPoolExecutor.runWorker(ThreadPoolExecutor.java:1144)
 java.base/java.util.concurrent.ThreadPoolExecutor$Worker.run(ThreadPoolExecutor.java:642)
 java.base/java.lang.Thread.run(Thread.java:1589)
14-Oct-2023 10:58:47.037 INFO [http-nio-8080-exec-1] org.apache.catalina.startup.HostConfig.undeploy Undeploying context [/dogspace]
14-Oct-2023 10:58:47.574 INFO [ContainerBackgroundProcessor[StandardEngine[Catalina]]] org.apache.catalina.startup.HostConfig.undeploy Undeploying context [/dogspace]
14-Oct-2023 10:58:49.113 INFO [mysql-cj-abandoned-connection-cleanup] org.apache.catalina.loader.WebappClassLoaderBase.checkStateForResourceLoading Illegal access: this web application instance has been stopped already. Could not load []. The following stack trace is thrown for debugging purposes as well as to attempt to terminate the thread which caused the illegal access.
	java.lang.IllegalStateException: Illegal access: this web application instance has been stopped already. Could not load []. The following stack trace is thrown for debugging purposes as well as to attempt to terminate the thread which caused the illegal access.
		at org.apache.catalina.loader.WebappClassLoaderBase.checkStateForResourceLoading(WebappClassLoaderBase.java:1440)
		at org.apache.catalina.loader.WebappClassLoaderBase.getResource(WebappClassLoaderBase.java:1065)
		at com.mysql.cj.jdbc.AbandonedConnectionCleanupThread.checkThreadContextClassLoader(AbandonedConnectionCleanupThread.java:123)
		at com.mysql.cj.jdbc.AbandonedConnectionCleanupThread.run(AbandonedConnectionCleanupThread.java:90)
		at java.base/java.util.concurrent.ThreadPoolExecutor.runWorker(ThreadPoolExecutor.java:1144)
		at java.base/java.util.concurrent.ThreadPoolExecutor$Worker.run(ThreadPoolExecutor.java:642)
		at java.base/java.lang.Thread.run(Thread.java:1589)
14-Oct-2023 10:58:51.561 INFO [main] org.apache.catalina.core.StandardServer.await A valid shutdown command was received via the shutdown port. Stopping the Server instance.
14-Oct-2023 10:58:51.561 INFO [main] org.apache.coyote.AbstractProtocol.pause Pausing ProtocolHandler ["http-nio-8080"]
14-Oct-2023 10:58:51.570 INFO [main] org.apache.catalina.core.StandardService.stopInternal Stopping service [Catalina]
14-Oct-2023 10:58:51.595 INFO [main] org.apache.coyote.AbstractProtocol.stop Stopping ProtocolHandler ["http-nio-8080"]
14-Oct-2023 10:58:51.613 INFO [main] org.apache.coyote.AbstractProtocol.destroy Destroying ProtocolHandler ["http-nio-8080"]
14-Oct-2023 10:59:36.155 INFO [main] org.apache.catalina.startup.VersionLoggerListener.log Server version name:   Apache Tomcat/8.5.92
14-Oct-2023 10:59:36.160 INFO [main] org.apache.catalina.startup.VersionLoggerListener.log Server built:          Aug 9 2023 11:22:56 UTC
14-Oct-2023 10:59:36.161 INFO [main] org.apache.catalina.startup.VersionLoggerListener.log Server version number: 8.5.92.0
14-Oct-2023 10:59:36.164 INFO [main] org.apache.catalina.startup.VersionLoggerListener.log OS Name:               Windows 10
14-Oct-2023 10:59:36.165 INFO [main] org.apache.catalina.startup.VersionLoggerListener.log OS Version:            10.0
14-Oct-2023 10:59:36.165 INFO [main] org.apache.catalina.startup.VersionLoggerListener.log Architecture:          amd64
14-Oct-2023 10:59:36.166 INFO [main] org.apache.catalina.startup.VersionLoggerListener.log Java Home:             C:\Program Files\Java\jdk-19
14-Oct-2023 10:59:36.169 INFO [main] org.apache.catalina.startup.VersionLoggerListener.log JVM Version:           19.0.2+7-44
14-Oct-2023 10:59:36.171 INFO [main] org.apache.catalina.startup.VersionLoggerListener.log JVM Vendor:            Oracle Corporation
14-Oct-2023 10:59:36.171 INFO [main] org.apache.catalina.startup.VersionLoggerListener.log CATALINA_BASE:         D:\Projetos\NetBeans\crud\tomcat
14-Oct-2023 10:59:36.171 INFO [main] org.apache.catalina.startup.VersionLoggerListener.log CATALINA_HOME:         D:\Projetos\NetBeans\crud\tomcat
14-Oct-2023 10:59:36.171 INFO [main] org.apache.catalina.startup.VersionLoggerListener.log Command line argument: --add-opens=java.base/java.lang=ALL-UNNAMED
14-Oct-2023 10:59:36.172 INFO [main] org.apache.catalina.startup.VersionLoggerListener.log Command line argument: --add-opens=java.base/java.io=ALL-UNNAMED
14-Oct-2023 10:59:36.172 INFO [main] org.apache.catalina.startup.VersionLoggerListener.log Command line argument: --add-opens=java.base/java.util=ALL-UNNAMED
14-Oct-2023 10:59:36.174 INFO [main] org.apache.catalina.startup.VersionLoggerListener.log Command line argument: --add-opens=java.base/java.util.concurrent=ALL-UNNAMED
14-Oct-2023 10:59:36.174 INFO [main] org.apache.catalina.startup.VersionLoggerListener.log Command line argument: --add-opens=java.rmi/sun.rmi.transport=ALL-UNNAMED
14-Oct-2023 10:59:36.174 INFO [main] org.apache.catalina.startup.VersionLoggerListener.log Command line argument: -Djava.util.logging.config.file=D:\Projetos\NetBeans\crud\tomcat\conf\logging.properties
14-Oct-2023 10:59:36.174 INFO [main] org.apache.catalina.startup.VersionLoggerListener.log Command line argument: -Djava.util.logging.manager=org.apache.juli.ClassLoaderLogManager
14-Oct-2023 10:59:36.175 INFO [main] org.apache.catalina.startup.VersionLoggerListener.log Command line argument: -Djdk.tls.ephemeralDHKeySize=2048
14-Oct-2023 10:59:36.177 INFO [main] org.apache.catalina.startup.VersionLoggerListener.log Command line argument: -Djava.protocol.handler.pkgs=org.apache.catalina.webresources
14-Oct-2023 10:59:36.177 INFO [main] org.apache.catalina.startup.VersionLoggerListener.log Command line argument: -Dignore.endorsed.dirs=
14-Oct-2023 10:59:36.178 INFO [main] org.apache.catalina.startup.VersionLoggerListener.log Command line argument: -Dcatalina.base=D:\Projetos\NetBeans\crud\tomcat
14-Oct-2023 10:59:36.178 INFO [main] org.apache.catalina.startup.VersionLoggerListener.log Command line argument: -Dcatalina.home=D:\Projetos\NetBeans\crud\tomcat
14-Oct-2023 10:59:36.178 INFO [main] org.apache.catalina.startup.VersionLoggerListener.log Command line argument: -Djava.io.tmpdir=D:\Projetos\NetBeans\crud\tomcat\temp
14-Oct-2023 10:59:36.178 INFO [main] org.apache.catalina.core.AprLifecycleListener.lifecycleEvent Loaded Apache Tomcat Native library [1.2.38] using APR version [1.7.4].
14-Oct-2023 10:59:36.178 INFO [main] org.apache.catalina.core.AprLifecycleListener.lifecycleEvent APR capabilities: IPv6 [true], sendfile [true], accept filters [false], random [true], UDS [{4}].
14-Oct-2023 10:59:36.178 INFO [main] org.apache.catalina.core.AprLifecycleListener.lifecycleEvent APR/OpenSSL configuration: useAprConnector [false], useOpenSSL [true]
14-Oct-2023 10:59:36.192 INFO [main] org.apache.catalina.core.AprLifecycleListener.initializeSSL OpenSSL successfully initialized [OpenSSL 1.1.1v  1 Aug 2023]
14-Oct-2023 10:59:36.312 INFO [main] org.apache.coyote.AbstractProtocol.init Initializing ProtocolHandler ["http-nio-8080"]
14-Oct-2023 10:59:36.534 INFO [main] org.apache.catalina.startup.Catalina.load Initialization processed in 1124 ms
14-Oct-2023 10:59:36.749 INFO [main] org.apache.catalina.core.StandardService.startInternal Starting service [Catalina]
14-Oct-2023 10:59:36.750 INFO [main] org.apache.catalina.core.StandardEngine.startInternal Starting Servlet engine: [Apache Tomcat/8.5.92]
14-Oct-2023 10:59:36.814 INFO [localhost-startStop-1] org.apache.catalina.startup.HostConfig.deployDescriptor Deploying deployment descriptor [D:\Projetos\NetBeans\crud\tomcat\conf\Catalina\localhost\site.xml]
14-Oct-2023 10:59:38.171 INFO [localhost-startStop-1] org.apache.jasper.servlet.TldScanner.scanJars At least one JAR was scanned for TLDs yet contained no TLDs. Enable debug logging for this logger for a complete list of JARs that were scanned but no TLDs were found in them. Skipping unneeded JARs during scanning can improve startup time and JSP compilation time.
14-Oct-2023 10:59:38.289 INFO [localhost-startStop-1] org.apache.catalina.startup.HostConfig.deployDescriptor Deployment of deployment descriptor [D:\Projetos\NetBeans\crud\tomcat\conf\Catalina\localhost\site.xml] has finished in [1,474] ms
14-Oct-2023 10:59:38.289 INFO [localhost-startStop-1] org.apache.catalina.startup.HostConfig.deployDirectory Deploying web application directory [D:\Projetos\NetBeans\crud\tomcat\webapps\docs]
14-Oct-2023 10:59:38.344 INFO [localhost-startStop-1] org.apache.catalina.startup.HostConfig.deployDirectory Deployment of web application directory [D:\Projetos\NetBeans\crud\tomcat\webapps\docs] has finished in [55] ms
14-Oct-2023 10:59:38.344 INFO [localhost-startStop-1] org.apache.catalina.startup.HostConfig.deployDirectory Deploying web application directory [D:\Projetos\NetBeans\crud\tomcat\webapps\examples]
14-Oct-2023 10:59:39.220 INFO [localhost-startStop-1] org.apache.catalina.startup.HostConfig.deployDirectory Deployment of web application directory [D:\Projetos\NetBeans\crud\tomcat\webapps\examples] has finished in [876] ms
14-Oct-2023 10:59:39.221 INFO [localhost-startStop-1] org.apache.catalina.startup.HostConfig.deployDirectory Deploying web application directory [D:\Projetos\NetBeans\crud\tomcat\webapps\host-manager]
14-Oct-2023 10:59:39.351 INFO [localhost-startStop-1] org.apache.catalina.startup.HostConfig.deployDirectory Deployment of web application directory [D:\Projetos\NetBeans\crud\tomcat\webapps\host-manager] has finished in [130] ms
14-Oct-2023 10:59:39.351 INFO [localhost-startStop-1] org.apache.catalina.startup.HostConfig.deployDirectory Deploying web application directory [D:\Projetos\NetBeans\crud\tomcat\webapps\manager]
14-Oct-2023 10:59:39.464 INFO [localhost-startStop-1] org.apache.catalina.startup.HostConfig.deployDirectory Deployment of web application directory [D:\Projetos\NetBeans\crud\tomcat\webapps\manager] has finished in [112] ms
14-Oct-2023 10:59:39.465 INFO [localhost-startStop-1] org.apache.catalina.startup.HostConfig.deployDirectory Deploying web application directory [D:\Projetos\NetBeans\crud\tomcat\webapps\ROOT]
14-Oct-2023 10:59:39.524 INFO [localhost-startStop-1] org.apache.catalina.startup.HostConfig.deployDirectory Deployment of web application directory [D:\Projetos\NetBeans\crud\tomcat\webapps\ROOT] has finished in [60] ms
14-Oct-2023 10:59:39.527 INFO [main] org.apache.coyote.AbstractProtocol.start Starting ProtocolHandler ["http-nio-8080"]
14-Oct-2023 10:59:39.618 INFO [main] org.apache.catalina.startup.Catalina.start Server startup in 3080 ms
14-Oct-2023 10:59:41.278 INFO [http-nio-8080-exec-9] org.apache.catalina.startup.HostConfig.deployDescriptor Deploying deployment descriptor [D:\Projetos\NetBeans\crud\tomcat\conf\Catalina\localhost\dogspace.xml]
14-Oct-2023 10:59:42.171 INFO [http-nio-8080-exec-9] org.apache.jasper.servlet.TldScanner.scanJars At least one JAR was scanned for TLDs yet contained no TLDs. Enable debug logging for this logger for a complete list of JARs that were scanned but no TLDs were found in them. Skipping unneeded JARs during scanning can improve startup time and JSP compilation time.
14-Oct-2023 10:59:42.177 INFO [http-nio-8080-exec-9] org.apache.catalina.startup.HostConfig.deployDescriptor Deployment of deployment descriptor [D:\Projetos\NetBeans\crud\tomcat\conf\Catalina\localhost\dogspace.xml] has finished in [899] ms
14-Oct-2023 10:59:42.182 INFO [http-nio-8080-exec-2] org.apache.catalina.util.LifecycleBase.start The start() method was called on component [StandardEngine[Catalina].StandardHost[localhost].StandardContext[/dogspace]] after start() had already been called. The second call will be ignored.
14-Oct-2023 12:15:51.695 WARNING [http-nio-8080-exec-6] org.apache.catalina.loader.WebappClassLoaderBase.clearReferencesJdbc The web application [dogspace] registered the JDBC driver [com.mysql.cj.jdbc.Driver] but failed to unregister it when the web application was stopped. To prevent a memory leak, the JDBC Driver has been forcibly unregistered.
14-Oct-2023 12:15:51.699 WARNING [http-nio-8080-exec-6] org.apache.catalina.loader.WebappClassLoaderBase.clearReferencesThreads The web application [dogspace] appears to have started a thread named [mysql-cj-abandoned-connection-cleanup] but has failed to stop it. This is very likely to create a memory leak. Stack trace of thread:
 java.base/jdk.internal.misc.Unsafe.park(Native Method)
 java.base/java.util.concurrent.locks.LockSupport.parkNanos(LockSupport.java:269)
 java.base/java.util.concurrent.locks.AbstractQueuedSynchronizer$ConditionObject.await(AbstractQueuedSynchronizer.java:1759)
 java.base/java.lang.ref.ReferenceQueue.await(ReferenceQueue.java:71)
 java.base/java.lang.ref.ReferenceQueue.remove0(ReferenceQueue.java:143)
 java.base/java.lang.ref.ReferenceQueue.remove(ReferenceQueue.java:218)
 com.mysql.cj.jdbc.AbandonedConnectionCleanupThread.run(AbandonedConnectionCleanupThread.java:91)
 java.base/java.util.concurrent.ThreadPoolExecutor.runWorker(ThreadPoolExecutor.java:1144)
 java.base/java.util.concurrent.ThreadPoolExecutor$Worker.run(ThreadPoolExecutor.java:642)
 java.base/java.lang.Thread.run(Thread.java:1589)
14-Oct-2023 12:15:52.233 INFO [http-nio-8080-exec-6] org.apache.catalina.startup.HostConfig.undeploy Undeploying context [/dogspace]
14-Oct-2023 12:15:54.163 INFO [mysql-cj-abandoned-connection-cleanup] org.apache.catalina.loader.WebappClassLoaderBase.checkStateForResourceLoading Illegal access: this web application instance has been stopped already. Could not load []. The following stack trace is thrown for debugging purposes as well as to attempt to terminate the thread which caused the illegal access.
	java.lang.IllegalStateException: Illegal access: this web application instance has been stopped already. Could not load []. The following stack trace is thrown for debugging purposes as well as to attempt to terminate the thread which caused the illegal access.
		at org.apache.catalina.loader.WebappClassLoaderBase.checkStateForResourceLoading(WebappClassLoaderBase.java:1440)
		at org.apache.catalina.loader.WebappClassLoaderBase.getResource(WebappClassLoaderBase.java:1065)
		at com.mysql.cj.jdbc.AbandonedConnectionCleanupThread.checkThreadContextClassLoader(AbandonedConnectionCleanupThread.java:123)
		at com.mysql.cj.jdbc.AbandonedConnectionCleanupThread.run(AbandonedConnectionCleanupThread.java:90)
		at java.base/java.util.concurrent.ThreadPoolExecutor.runWorker(ThreadPoolExecutor.java:1144)
		at java.base/java.util.concurrent.ThreadPoolExecutor$Worker.run(ThreadPoolExecutor.java:642)
		at java.base/java.lang.Thread.run(Thread.java:1589)
14-Oct-2023 12:15:56.386 INFO [main] org.apache.catalina.core.StandardServer.await A valid shutdown command was received via the shutdown port. Stopping the Server instance.
14-Oct-2023 12:15:56.387 INFO [main] org.apache.coyote.AbstractProtocol.pause Pausing ProtocolHandler ["http-nio-8080"]
14-Oct-2023 12:15:56.395 INFO [main] org.apache.catalina.core.StandardService.stopInternal Stopping service [Catalina]
14-Oct-2023 12:15:56.474 INFO [main] org.apache.coyote.AbstractProtocol.stop Stopping ProtocolHandler ["http-nio-8080"]
14-Oct-2023 12:15:56.478 INFO [main] org.apache.coyote.AbstractProtocol.destroy Destroying ProtocolHandler ["http-nio-8080"]
14-Oct-2023 12:16:10.883 INFO [main] org.apache.catalina.startup.VersionLoggerListener.log Server version name:   Apache Tomcat/8.5.92
14-Oct-2023 12:16:10.886 INFO [main] org.apache.catalina.startup.VersionLoggerListener.log Server built:          Aug 9 2023 11:22:56 UTC
14-Oct-2023 12:16:10.887 INFO [main] org.apache.catalina.startup.VersionLoggerListener.log Server version number: 8.5.92.0
14-Oct-2023 12:16:10.887 INFO [main] org.apache.catalina.startup.VersionLoggerListener.log OS Name:               Windows 10
14-Oct-2023 12:16:10.887 INFO [main] org.apache.catalina.startup.VersionLoggerListener.log OS Version:            10.0
14-Oct-2023 12:16:10.887 INFO [main] org.apache.catalina.startup.VersionLoggerListener.log Architecture:          amd64
14-Oct-2023 12:16:10.888 INFO [main] org.apache.catalina.startup.VersionLoggerListener.log Java Home:             C:\Program Files\Java\jdk-19
14-Oct-2023 12:16:10.888 INFO [main] org.apache.catalina.startup.VersionLoggerListener.log JVM Version:           19.0.2+7-44
14-Oct-2023 12:16:10.888 INFO [main] org.apache.catalina.startup.VersionLoggerListener.log JVM Vendor:            Oracle Corporation
14-Oct-2023 12:16:10.889 INFO [main] org.apache.catalina.startup.VersionLoggerListener.log CATALINA_BASE:         D:\Projetos\NetBeans\crud\tomcat
14-Oct-2023 12:16:10.889 INFO [main] org.apache.catalina.startup.VersionLoggerListener.log CATALINA_HOME:         D:\Projetos\NetBeans\crud\tomcat
14-Oct-2023 12:16:10.893 INFO [main] org.apache.catalina.startup.VersionLoggerListener.log Command line argument: --add-opens=java.base/java.lang=ALL-UNNAMED
14-Oct-2023 12:16:10.893 INFO [main] org.apache.catalina.startup.VersionLoggerListener.log Command line argument: --add-opens=java.base/java.io=ALL-UNNAMED
14-Oct-2023 12:16:10.893 INFO [main] org.apache.catalina.startup.VersionLoggerListener.log Command line argument: --add-opens=java.base/java.util=ALL-UNNAMED
14-Oct-2023 12:16:10.893 INFO [main] org.apache.catalina.startup.VersionLoggerListener.log Command line argument: --add-opens=java.base/java.util.concurrent=ALL-UNNAMED
14-Oct-2023 12:16:10.893 INFO [main] org.apache.catalina.startup.VersionLoggerListener.log Command line argument: --add-opens=java.rmi/sun.rmi.transport=ALL-UNNAMED
14-Oct-2023 12:16:10.894 INFO [main] org.apache.catalina.startup.VersionLoggerListener.log Command line argument: -Djava.util.logging.config.file=D:\Projetos\NetBeans\crud\tomcat\conf\logging.properties
14-Oct-2023 12:16:10.894 INFO [main] org.apache.catalina.startup.VersionLoggerListener.log Command line argument: -Djava.util.logging.manager=org.apache.juli.ClassLoaderLogManager
14-Oct-2023 12:16:10.894 INFO [main] org.apache.catalina.startup.VersionLoggerListener.log Command line argument: -Djdk.tls.ephemeralDHKeySize=2048
14-Oct-2023 12:16:10.894 INFO [main] org.apache.catalina.startup.VersionLoggerListener.log Command line argument: -Djava.protocol.handler.pkgs=org.apache.catalina.webresources
14-Oct-2023 12:16:10.894 INFO [main] org.apache.catalina.startup.VersionLoggerListener.log Command line argument: -Dignore.endorsed.dirs=
14-Oct-2023 12:16:10.894 INFO [main] org.apache.catalina.startup.VersionLoggerListener.log Command line argument: -Dcatalina.base=D:\Projetos\NetBeans\crud\tomcat
14-Oct-2023 12:16:10.894 INFO [main] org.apache.catalina.startup.VersionLoggerListener.log Command line argument: -Dcatalina.home=D:\Projetos\NetBeans\crud\tomcat
14-Oct-2023 12:16:10.895 INFO [main] org.apache.catalina.startup.VersionLoggerListener.log Command line argument: -Djava.io.tmpdir=D:\Projetos\NetBeans\crud\tomcat\temp
14-Oct-2023 12:16:10.895 INFO [main] org.apache.catalina.core.AprLifecycleListener.lifecycleEvent Loaded Apache Tomcat Native library [1.2.38] using APR version [1.7.4].
14-Oct-2023 12:16:10.895 INFO [main] org.apache.catalina.core.AprLifecycleListener.lifecycleEvent APR capabilities: IPv6 [true], sendfile [true], accept filters [false], random [true], UDS [{4}].
14-Oct-2023 12:16:10.895 INFO [main] org.apache.catalina.core.AprLifecycleListener.lifecycleEvent APR/OpenSSL configuration: useAprConnector [false], useOpenSSL [true]
14-Oct-2023 12:16:10.961 INFO [main] org.apache.catalina.core.AprLifecycleListener.initializeSSL OpenSSL successfully initialized [OpenSSL 1.1.1v  1 Aug 2023]
14-Oct-2023 12:16:11.061 INFO [main] org.apache.coyote.AbstractProtocol.init Initializing ProtocolHandler ["http-nio-8080"]
14-Oct-2023 12:16:11.118 INFO [main] org.apache.catalina.startup.Catalina.load Initialization processed in 1145 ms
14-Oct-2023 12:16:11.224 INFO [main] org.apache.catalina.core.StandardService.startInternal Starting service [Catalina]
14-Oct-2023 12:16:11.225 INFO [main] org.apache.catalina.core.StandardEngine.startInternal Starting Servlet engine: [Apache Tomcat/8.5.92]
14-Oct-2023 12:16:11.248 INFO [localhost-startStop-1] org.apache.catalina.startup.HostConfig.deployDescriptor Deploying deployment descriptor [D:\Projetos\NetBeans\crud\tomcat\conf\Catalina\localhost\site.xml]
14-Oct-2023 12:16:13.268 INFO [localhost-startStop-1] org.apache.jasper.servlet.TldScanner.scanJars At least one JAR was scanned for TLDs yet contained no TLDs. Enable debug logging for this logger for a complete list of JARs that were scanned but no TLDs were found in them. Skipping unneeded JARs during scanning can improve startup time and JSP compilation time.
14-Oct-2023 12:16:13.410 INFO [localhost-startStop-1] org.apache.catalina.startup.HostConfig.deployDescriptor Deployment of deployment descriptor [D:\Projetos\NetBeans\crud\tomcat\conf\Catalina\localhost\site.xml] has finished in [2,162] ms
14-Oct-2023 12:16:13.411 INFO [localhost-startStop-1] org.apache.catalina.startup.HostConfig.deployDirectory Deploying web application directory [D:\Projetos\NetBeans\crud\tomcat\webapps\docs]
14-Oct-2023 12:16:13.586 INFO [localhost-startStop-1] org.apache.catalina.startup.HostConfig.deployDirectory Deployment of web application directory [D:\Projetos\NetBeans\crud\tomcat\webapps\docs] has finished in [175] ms
14-Oct-2023 12:16:13.590 INFO [localhost-startStop-1] org.apache.catalina.startup.HostConfig.deployDirectory Deploying web application directory [D:\Projetos\NetBeans\crud\tomcat\webapps\examples]
14-Oct-2023 12:16:14.870 INFO [localhost-startStop-1] org.apache.catalina.startup.HostConfig.deployDirectory Deployment of web application directory [D:\Projetos\NetBeans\crud\tomcat\webapps\examples] has finished in [1,283] ms
14-Oct-2023 12:16:14.870 INFO [localhost-startStop-1] org.apache.catalina.startup.HostConfig.deployDirectory Deploying web application directory [D:\Projetos\NetBeans\crud\tomcat\webapps\host-manager]
14-Oct-2023 12:16:14.969 INFO [localhost-startStop-1] org.apache.catalina.startup.HostConfig.deployDirectory Deployment of web application directory [D:\Projetos\NetBeans\crud\tomcat\webapps\host-manager] has finished in [98] ms
14-Oct-2023 12:16:14.969 INFO [localhost-startStop-1] org.apache.catalina.startup.HostConfig.deployDirectory Deploying web application directory [D:\Projetos\NetBeans\crud\tomcat\webapps\manager]
14-Oct-2023 12:16:15.068 INFO [localhost-startStop-1] org.apache.catalina.startup.HostConfig.deployDirectory Deployment of web application directory [D:\Projetos\NetBeans\crud\tomcat\webapps\manager] has finished in [98] ms
14-Oct-2023 12:16:15.068 INFO [localhost-startStop-1] org.apache.catalina.startup.HostConfig.deployDirectory Deploying web application directory [D:\Projetos\NetBeans\crud\tomcat\webapps\ROOT]
14-Oct-2023 12:16:15.113 INFO [localhost-startStop-1] org.apache.catalina.startup.HostConfig.deployDirectory Deployment of web application directory [D:\Projetos\NetBeans\crud\tomcat\webapps\ROOT] has finished in [43] ms
14-Oct-2023 12:16:15.116 INFO [main] org.apache.coyote.AbstractProtocol.start Starting ProtocolHandler ["http-nio-8080"]
14-Oct-2023 12:16:15.222 INFO [main] org.apache.catalina.startup.Catalina.start Server startup in 4101 ms
14-Oct-2023 12:16:15.674 INFO [http-nio-8080-exec-7] org.apache.catalina.startup.HostConfig.deployDescriptor Deploying deployment descriptor [D:\Projetos\NetBeans\crud\tomcat\conf\Catalina\localhost\dogspace.xml]
14-Oct-2023 12:16:16.644 INFO [http-nio-8080-exec-7] org.apache.jasper.servlet.TldScanner.scanJars At least one JAR was scanned for TLDs yet contained no TLDs. Enable debug logging for this logger for a complete list of JARs that were scanned but no TLDs were found in them. Skipping unneeded JARs during scanning can improve startup time and JSP compilation time.
14-Oct-2023 12:16:16.652 INFO [http-nio-8080-exec-7] org.apache.catalina.startup.HostConfig.deployDescriptor Deployment of deployment descriptor [D:\Projetos\NetBeans\crud\tomcat\conf\Catalina\localhost\dogspace.xml] has finished in [978] ms
14-Oct-2023 12:16:16.656 INFO [http-nio-8080-exec-8] org.apache.catalina.util.LifecycleBase.start The start() method was called on component [StandardEngine[Catalina].StandardHost[localhost].StandardContext[/dogspace]] after start() had already been called. The second call will be ignored.
14-Oct-2023 12:39:56.869 INFO [main] org.apache.catalina.core.StandardServer.await A valid shutdown command was received via the shutdown port. Stopping the Server instance.
14-Oct-2023 12:39:56.870 INFO [main] org.apache.coyote.AbstractProtocol.pause Pausing ProtocolHandler ["http-nio-8080"]
14-Oct-2023 12:39:56.879 INFO [main] org.apache.catalina.core.StandardService.stopInternal Stopping service [Catalina]
14-Oct-2023 12:39:56.945 WARNING [localhost-startStop-2] org.apache.catalina.loader.WebappClassLoaderBase.clearReferencesThreads The web application [site] appears to have started a thread named [mysql-cj-abandoned-connection-cleanup] but has failed to stop it. This is very likely to create a memory leak. Stack trace of thread:
 java.base/jdk.internal.jimage.ImageLocation.verify(ImageLocation.java:173)
 java.base/jdk.internal.jimage.BasicImageReader.verifyLocation(BasicImageReader.java:284)
 java.base/jdk.internal.jimage.ImageReader.verifyLocation(ImageReader.java:153)
 java.base/jdk.internal.module.SystemModuleFinders$SystemModuleReader.containsImageLocation(SystemModuleFinders.java:448)
 java.base/jdk.internal.module.SystemModuleFinders$SystemModuleReader.find(SystemModuleFinders.java:457)
 java.base/jdk.internal.loader.BuiltinClassLoader.findResource(BuiltinClassLoader.java:497)
 java.base/jdk.internal.loader.BuiltinClassLoader.findResource(BuiltinClassLoader.java:277)
 java.base/jdk.internal.loader.BuiltinClassLoader.findResource(BuiltinClassLoader.java:325)
 java.base/jdk.internal.loader.BootLoader.findResource(BootLoader.java:182)
 java.base/java.lang.ClassLoader.getResource(ClassLoader.java:1401)
 org.apache.catalina.loader.WebappClassLoaderBase.loadClass(WebappClassLoaderBase.java:1316)
 org.apache.catalina.loader.WebappClassLoaderBase.loadClass(WebappClassLoaderBase.java:1228)
 com.mysql.cj.jdbc.AbandonedConnectionCleanupThread.checkThreadContextClassLoader(AbandonedConnectionCleanupThread.java:123)
 com.mysql.cj.jdbc.AbandonedConnectionCleanupThread.run(AbandonedConnectionCleanupThread.java:90)
 java.base/java.util.concurrent.ThreadPoolExecutor.runWorker(ThreadPoolExecutor.java:1144)
 java.base/java.util.concurrent.ThreadPoolExecutor$Worker.run(ThreadPoolExecutor.java:642)
 java.base/java.lang.Thread.run(Thread.java:1589)
14-Oct-2023 12:39:56.966 WARNING [localhost-startStop-2] org.apache.catalina.loader.WebappClassLoaderBase.clearReferencesJdbc The web application [dogspace] registered the JDBC driver [com.mysql.cj.jdbc.Driver] but failed to unregister it when the web application was stopped. To prevent a memory leak, the JDBC Driver has been forcibly unregistered.
14-Oct-2023 12:39:56.967 WARNING [localhost-startStop-2] org.apache.catalina.loader.WebappClassLoaderBase.clearReferencesThreads The web application [dogspace] appears to have started a thread named [mysql-cj-abandoned-connection-cleanup] but has failed to stop it. This is very likely to create a memory leak. Stack trace of thread:
 java.base/jdk.internal.misc.Unsafe.park(Native Method)
 java.base/java.util.concurrent.locks.LockSupport.parkNanos(LockSupport.java:269)
 java.base/java.util.concurrent.locks.AbstractQueuedSynchronizer$ConditionObject.await(AbstractQueuedSynchronizer.java:1759)
 java.base/java.lang.ref.ReferenceQueue.await(ReferenceQueue.java:71)
 java.base/java.lang.ref.ReferenceQueue.remove0(ReferenceQueue.java:143)
 java.base/java.lang.ref.ReferenceQueue.remove(ReferenceQueue.java:218)
 com.mysql.cj.jdbc.AbandonedConnectionCleanupThread.run(AbandonedConnectionCleanupThread.java:91)
 java.base/java.util.concurrent.ThreadPoolExecutor.runWorker(ThreadPoolExecutor.java:1144)
 java.base/java.util.concurrent.ThreadPoolExecutor$Worker.run(ThreadPoolExecutor.java:642)
 java.base/java.lang.Thread.run(Thread.java:1589)
14-Oct-2023 12:39:56.983 INFO [main] org.apache.coyote.AbstractProtocol.stop Stopping ProtocolHandler ["http-nio-8080"]
14-Oct-2023 12:39:56.997 INFO [main] org.apache.coyote.AbstractProtocol.destroy Destroying ProtocolHandler ["http-nio-8080"]
